{"numTotalTestSuites":13,"numPassedTestSuites":13,"numFailedTestSuites":0,"numPendingTestSuites":0,"numTotalTests":19,"numPassedTests":19,"numFailedTests":0,"numPendingTests":0,"numTodoTests":0,"snapshot":{"added":0,"failure":false,"filesAdded":0,"filesRemoved":0,"filesRemovedList":[],"filesUnmatched":0,"filesUpdated":0,"matched":0,"total":0,"unchecked":0,"uncheckedKeysByFile":[],"unmatched":0,"updated":0,"didUpdate":false},"startTime":1758084657445,"success":true,"testResults":[{"assertionResults":[{"ancestorTitles":["CLI Module Functions","CLI helpers"],"fullName":"CLI Module Functions CLI helpers should validate file existence","status":"passed","title":"should validate file existence","duration":1.636620999999991,"failureMessages":[],"meta":{}},{"ancestorTitles":["CLI Module Functions","CLI helpers"],"fullName":"CLI Module Functions CLI helpers should read package.json for version","status":"passed","title":"should read package.json for version","duration":0.24611999999999057,"failureMessages":[],"meta":{}},{"ancestorTitles":["CLI Module Functions","CLI helpers"],"fullName":"CLI Module Functions CLI helpers should parse header strings correctly","status":"passed","title":"should parse header strings correctly","duration":0.7937049999999886,"failureMessages":[],"meta":{}},{"ancestorTitles":["CLI Module Functions","CLI helpers"],"fullName":"CLI Module Functions CLI helpers should identify URLs correctly","status":"passed","title":"should identify URLs correctly","duration":0.3476400000000126,"failureMessages":[],"meta":{}},{"ancestorTitles":["CLI Module Functions","CLI helpers"],"fullName":"CLI Module Functions CLI helpers should resolve output paths correctly","status":"passed","title":"should resolve output paths correctly","duration":0.3585600000000113,"failureMessages":[],"meta":{}},{"ancestorTitles":["CLI Module Functions","CLI workflow simulation"],"fullName":"CLI Module Functions CLI workflow simulation should simulate generate command workflow","status":"passed","title":"should simulate generate command workflow","duration":1.5208350000000053,"failureMessages":[],"meta":{}},{"ancestorTitles":["CLI Module Functions","CLI workflow simulation"],"fullName":"CLI Module Functions CLI workflow simulation should handle dry run mode","status":"passed","title":"should handle dry run mode","duration":0.5541560000000061,"failureMessages":[],"meta":{}},{"ancestorTitles":["CLI Module Functions","CLI workflow simulation"],"fullName":"CLI Module Functions CLI workflow simulation should handle URL-based specs","status":"passed","title":"should handle URL-based specs","duration":0.5013879999999915,"failureMessages":[],"meta":{}}],"startTime":1758084658201,"endTime":1758084658207.5542,"status":"passed","message":"","name":"/home/runner/work/openapi-to-ts/openapi-to-ts/src/cli.test.ts"},{"assertionResults":[{"ancestorTitles":["OpenAPIGenerator","constructor"],"fullName":"OpenAPIGenerator constructor should initialize with default namespace when not provided","status":"passed","title":"should initialize with default namespace when not provided","duration":2.3680389999999534,"failureMessages":[],"meta":{}},{"ancestorTitles":["OpenAPIGenerator","constructor"],"fullName":"OpenAPIGenerator constructor should use provided namespace","status":"passed","title":"should use provided namespace","duration":1.1015709999999785,"failureMessages":[],"meta":{}},{"ancestorTitles":["OpenAPIGenerator","generate"],"fullName":"OpenAPIGenerator generate should parse file spec and generate output","status":"passed","title":"should parse file spec and generate output","duration":3.518271000000027,"failureMessages":[],"meta":{}},{"ancestorTitles":["OpenAPIGenerator","generate"],"fullName":"OpenAPIGenerator generate should fetch from URL when inputSpec is a URL","status":"passed","title":"should fetch from URL when inputSpec is a URL","duration":2.407962999999995,"failureMessages":[],"meta":{}},{"ancestorTitles":["OpenAPIGenerator","generate"],"fullName":"OpenAPIGenerator generate should handle errors during generation","status":"passed","title":"should handle errors during generation","duration":3.190127000000018,"failureMessages":[],"meta":{}},{"ancestorTitles":["OpenAPIGenerator","fetchFromUrl"],"fullName":"OpenAPIGenerator fetchFromUrl should be defined as a public method","status":"passed","title":"should be defined as a public method","duration":0.7851079999999797,"failureMessages":[],"meta":{}},{"ancestorTitles":["OpenAPIGenerator","fetchFromUrl"],"fullName":"OpenAPIGenerator fetchFromUrl should handle basic URL fetching","status":"passed","title":"should handle basic URL fetching","duration":0.779989999999998,"failureMessages":[],"meta":{}},{"ancestorTitles":["OpenAPIGenerator","integration"],"fullName":"OpenAPIGenerator integration should handle complete generation flow","status":"passed","title":"should handle complete generation flow","duration":1.138058000000001,"failureMessages":[],"meta":{}}],"startTime":1758084657949,"endTime":1758084657965.138,"status":"passed","message":"","name":"/home/runner/work/openapi-to-ts/openapi-to-ts/src/generator.test.ts"},{"assertionResults":[{"ancestorTitles":["index.ts","generateFromSpec"],"fullName":"index.ts generateFromSpec should create an OpenAPIGenerator instance and call generate","status":"passed","title":"should create an OpenAPIGenerator instance and call generate","duration":2.710499999999996,"failureMessages":[],"meta":{}},{"ancestorTitles":["index.ts","generateFromSpec"],"fullName":"index.ts generateFromSpec should pass all options to OpenAPIGenerator constructor","status":"passed","title":"should pass all options to OpenAPIGenerator constructor","duration":0.3470089999999857,"failureMessages":[],"meta":{}},{"ancestorTitles":["index.ts","generateFromSpec"],"fullName":"index.ts generateFromSpec should handle errors from generator","status":"passed","title":"should handle errors from generator","duration":1.5939820000000111,"failureMessages":[],"meta":{}}],"startTime":1758084658417,"endTime":1758084658422.594,"status":"passed","message":"","name":"/home/runner/work/openapi-to-ts/openapi-to-ts/src/index.test.ts"}]}