{"numTotalTestSuites":13,"numPassedTestSuites":13,"numFailedTestSuites":0,"numPendingTestSuites":0,"numTotalTests":19,"numPassedTests":19,"numFailedTests":0,"numPendingTests":0,"numTodoTests":0,"snapshot":{"added":0,"failure":false,"filesAdded":0,"filesRemoved":0,"filesRemovedList":[],"filesUnmatched":0,"filesUpdated":0,"matched":0,"total":0,"unchecked":0,"uncheckedKeysByFile":[],"unmatched":0,"updated":0,"didUpdate":false},"startTime":1758084562485,"success":true,"testResults":[{"assertionResults":[{"ancestorTitles":["CLI Module Functions","CLI helpers"],"fullName":"CLI Module Functions CLI helpers should validate file existence","status":"passed","title":"should validate file existence","duration":2.056726999999995,"failureMessages":[],"meta":{}},{"ancestorTitles":["CLI Module Functions","CLI helpers"],"fullName":"CLI Module Functions CLI helpers should read package.json for version","status":"passed","title":"should read package.json for version","duration":0.20409100000000535,"failureMessages":[],"meta":{}},{"ancestorTitles":["CLI Module Functions","CLI helpers"],"fullName":"CLI Module Functions CLI helpers should parse header strings correctly","status":"passed","title":"should parse header strings correctly","duration":0.8612009999999941,"failureMessages":[],"meta":{}},{"ancestorTitles":["CLI Module Functions","CLI helpers"],"fullName":"CLI Module Functions CLI helpers should identify URLs correctly","status":"passed","title":"should identify URLs correctly","duration":0.25764200000000415,"failureMessages":[],"meta":{}},{"ancestorTitles":["CLI Module Functions","CLI helpers"],"fullName":"CLI Module Functions CLI helpers should resolve output paths correctly","status":"passed","title":"should resolve output paths correctly","duration":0.2784109999999771,"failureMessages":[],"meta":{}},{"ancestorTitles":["CLI Module Functions","CLI workflow simulation"],"fullName":"CLI Module Functions CLI workflow simulation should simulate generate command workflow","status":"passed","title":"should simulate generate command workflow","duration":1.6979359999999986,"failureMessages":[],"meta":{}},{"ancestorTitles":["CLI Module Functions","CLI workflow simulation"],"fullName":"CLI Module Functions CLI workflow simulation should handle dry run mode","status":"passed","title":"should handle dry run mode","duration":0.43945199999998863,"failureMessages":[],"meta":{}},{"ancestorTitles":["CLI Module Functions","CLI workflow simulation"],"fullName":"CLI Module Functions CLI workflow simulation should handle URL-based specs","status":"passed","title":"should handle URL-based specs","duration":0.4594189999999969,"failureMessages":[],"meta":{}}],"startTime":1758084563293,"endTime":1758084563299.4595,"status":"passed","message":"","name":"/home/runner/work/openapi-to-ts/openapi-to-ts/src/cli.test.ts"},{"assertionResults":[{"ancestorTitles":["OpenAPIGenerator","constructor"],"fullName":"OpenAPIGenerator constructor should initialize with default namespace when not provided","status":"passed","title":"should initialize with default namespace when not provided","duration":2.898830999999973,"failureMessages":[],"meta":{}},{"ancestorTitles":["OpenAPIGenerator","constructor"],"fullName":"OpenAPIGenerator constructor should use provided namespace","status":"passed","title":"should use provided namespace","duration":1.1155769999999166,"failureMessages":[],"meta":{}},{"ancestorTitles":["OpenAPIGenerator","generate"],"fullName":"OpenAPIGenerator generate should parse file spec and generate output","status":"passed","title":"should parse file spec and generate output","duration":4.293451000000005,"failureMessages":[],"meta":{}},{"ancestorTitles":["OpenAPIGenerator","generate"],"fullName":"OpenAPIGenerator generate should fetch from URL when inputSpec is a URL","status":"passed","title":"should fetch from URL when inputSpec is a URL","duration":2.5825999999999567,"failureMessages":[],"meta":{}},{"ancestorTitles":["OpenAPIGenerator","generate"],"fullName":"OpenAPIGenerator generate should handle errors during generation","status":"passed","title":"should handle errors during generation","duration":3.2667800000000398,"failureMessages":[],"meta":{}},{"ancestorTitles":["OpenAPIGenerator","fetchFromUrl"],"fullName":"OpenAPIGenerator fetchFromUrl should be defined as a public method","status":"passed","title":"should be defined as a public method","duration":0.7902579999999944,"failureMessages":[],"meta":{}},{"ancestorTitles":["OpenAPIGenerator","fetchFromUrl"],"fullName":"OpenAPIGenerator fetchFromUrl should handle basic URL fetching","status":"passed","title":"should handle basic URL fetching","duration":0.7983239999999796,"failureMessages":[],"meta":{}},{"ancestorTitles":["OpenAPIGenerator","integration"],"fullName":"OpenAPIGenerator integration should handle complete generation flow","status":"passed","title":"should handle complete generation flow","duration":1.205284000000006,"failureMessages":[],"meta":{}}],"startTime":1758084563008,"endTime":1758084563025.2053,"status":"passed","message":"","name":"/home/runner/work/openapi-to-ts/openapi-to-ts/src/generator.test.ts"},{"assertionResults":[{"ancestorTitles":["index.ts","generateFromSpec"],"fullName":"index.ts generateFromSpec should create an OpenAPIGenerator instance and call generate","status":"passed","title":"should create an OpenAPIGenerator instance and call generate","duration":3.473536999999993,"failureMessages":[],"meta":{}},{"ancestorTitles":["index.ts","generateFromSpec"],"fullName":"index.ts generateFromSpec should pass all options to OpenAPIGenerator constructor","status":"passed","title":"should pass all options to OpenAPIGenerator constructor","duration":0.31273500000000354,"failureMessages":[],"meta":{}},{"ancestorTitles":["index.ts","generateFromSpec"],"fullName":"index.ts generateFromSpec should handle errors from generator","status":"passed","title":"should handle errors from generator","duration":1.763688000000002,"failureMessages":[],"meta":{}}],"startTime":1758084563530,"endTime":1758084563535.7637,"status":"passed","message":"","name":"/home/runner/work/openapi-to-ts/openapi-to-ts/src/index.test.ts"}],"coverageMap":{"/home/runner/work/openapi-to-ts/openapi-to-ts/src/generator.ts":{"path":"/home/runner/work/openapi-to-ts/openapi-to-ts/src/generator.ts","all":false,"statementMap":{"0":{"start":{"line":1,"column":0},"end":{"line":1,"column":56}},"1":{"start":{"line":2,"column":0},"end":{"line":2,"column":72}},"2":{"start":{"line":3,"column":0},"end":{"line":3,"column":29}},"3":{"start":{"line":4,"column":0},"end":{"line":4,"column":34}},"5":{"start":{"line":6,"column":0},"end":{"line":6,"column":31}},"6":{"start":{"line":7,"column":0},"end":{"line":7,"column":29}},"18":{"start":{"line":19,"column":0},"end":{"line":19,"column":31}},"19":{"start":{"line":20,"column":0},"end":{"line":20,"column":27}},"20":{"start":{"line":21,"column":0},"end":{"line":21,"column":45}},"21":{"start":{"line":22,"column":0},"end":{"line":22,"column":28}},"23":{"start":{"line":24,"column":0},"end":{"line":24,"column":50}},"24":{"start":{"line":25,"column":0},"end":{"line":25,"column":32}},"25":{"start":{"line":26,"column":0},"end":{"line":26,"column":24}},"26":{"start":{"line":27,"column":0},"end":{"line":27,"column":29}},"27":{"start":{"line":28,"column":0},"end":{"line":28,"column":29}},"28":{"start":{"line":29,"column":0},"end":{"line":29,"column":39}},"29":{"start":{"line":30,"column":0},"end":{"line":30,"column":26}},"30":{"start":{"line":31,"column":0},"end":{"line":31,"column":21}},"31":{"start":{"line":32,"column":0},"end":{"line":32,"column":30}},"32":{"start":{"line":33,"column":0},"end":{"line":33,"column":43}},"33":{"start":{"line":34,"column":0},"end":{"line":34,"column":27}},"34":{"start":{"line":35,"column":0},"end":{"line":35,"column":47}},"35":{"start":{"line":36,"column":0},"end":{"line":36,"column":35}},"36":{"start":{"line":37,"column":0},"end":{"line":37,"column":8}},"37":{"start":{"line":38,"column":0},"end":{"line":38,"column":7}},"38":{"start":{"line":39,"column":0},"end":{"line":39,"column":48}},"39":{"start":{"line":40,"column":0},"end":{"line":40,"column":3}},"41":{"start":{"line":42,"column":0},"end":{"line":42,"column":35}},"42":{"start":{"line":43,"column":0},"end":{"line":43,"column":60}},"45":{"start":{"line":46,"column":0},"end":{"line":46,"column":104}},"46":{"start":{"line":47,"column":0},"end":{"line":47,"column":88}},"47":{"start":{"line":48,"column":0},"end":{"line":48,"column":5}},"49":{"start":{"line":50,"column":0},"end":{"line":50,"column":78}},"51":{"start":{"line":52,"column":0},"end":{"line":52,"column":64}},"53":{"start":{"line":54,"column":0},"end":{"line":54,"column":31}},"54":{"start":{"line":55,"column":0},"end":{"line":55,"column":32}},"55":{"start":{"line":56,"column":0},"end":{"line":56,"column":31}},"57":{"start":{"line":58,"column":0},"end":{"line":58,"column":30}},"58":{"start":{"line":59,"column":0},"end":{"line":59,"column":3}},"60":{"start":{"line":61,"column":0},"end":{"line":61,"column":93}},"61":{"start":{"line":62,"column":0},"end":{"line":62,"column":45}},"62":{"start":{"line":63,"column":0},"end":{"line":63,"column":63}},"64":{"start":{"line":65,"column":0},"end":{"line":65,"column":23}},"65":{"start":{"line":66,"column":0},"end":{"line":66,"column":18}},"66":{"start":{"line":67,"column":0},"end":{"line":67,"column":48}},"67":{"start":{"line":68,"column":0},"end":{"line":68,"column":20}},"68":{"start":{"line":69,"column":0},"end":{"line":69,"column":9}},"69":{"start":{"line":70,"column":0},"end":{"line":70,"column":8}},"71":{"start":{"line":72,"column":0},"end":{"line":72,"column":53}},"72":{"start":{"line":73,"column":0},"end":{"line":73,"column":102}},"74":{"start":{"line":75,"column":0},"end":{"line":75,"column":87}},"75":{"start":{"line":76,"column":0},"end":{"line":76,"column":17}},"76":{"start":{"line":77,"column":0},"end":{"line":77,"column":9}},"78":{"start":{"line":79,"column":0},"end":{"line":79,"column":37}},"79":{"start":{"line":80,"column":0},"end":{"line":80,"column":96}},"80":{"start":{"line":81,"column":0},"end":{"line":81,"column":17}},"81":{"start":{"line":82,"column":0},"end":{"line":82,"column":9}},"83":{"start":{"line":84,"column":0},"end":{"line":84,"column":22}},"84":{"start":{"line":85,"column":0},"end":{"line":85,"column":35}},"85":{"start":{"line":86,"column":0},"end":{"line":86,"column":24}},"86":{"start":{"line":87,"column":0},"end":{"line":87,"column":11}},"88":{"start":{"line":89,"column":0},"end":{"line":89,"column":29}},"89":{"start":{"line":90,"column":0},"end":{"line":90,"column":15}},"91":{"start":{"line":92,"column":0},"end":{"line":92,"column":31}},"92":{"start":{"line":93,"column":0},"end":{"line":93,"column":17}},"93":{"start":{"line":94,"column":0},"end":{"line":94,"column":40}},"94":{"start":{"line":95,"column":0},"end":{"line":95,"column":21}},"96":{"start":{"line":97,"column":0},"end":{"line":97,"column":35}},"97":{"start":{"line":98,"column":0},"end":{"line":98,"column":13}},"98":{"start":{"line":99,"column":0},"end":{"line":99,"column":28}},"99":{"start":{"line":100,"column":0},"end":{"line":100,"column":27}},"100":{"start":{"line":101,"column":0},"end":{"line":101,"column":84}},"101":{"start":{"line":102,"column":0},"end":{"line":102,"column":11}},"102":{"start":{"line":103,"column":0},"end":{"line":103,"column":11}},"103":{"start":{"line":104,"column":0},"end":{"line":104,"column":9}},"105":{"start":{"line":106,"column":0},"end":{"line":106,"column":34}},"106":{"start":{"line":107,"column":0},"end":{"line":107,"column":88}},"107":{"start":{"line":108,"column":0},"end":{"line":108,"column":9}},"109":{"start":{"line":110,"column":0},"end":{"line":110,"column":35}},"110":{"start":{"line":111,"column":0},"end":{"line":111,"column":22}},"111":{"start":{"line":112,"column":0},"end":{"line":112,"column":85}},"112":{"start":{"line":113,"column":0},"end":{"line":113,"column":9}},"113":{"start":{"line":114,"column":0},"end":{"line":114,"column":7}},"114":{"start":{"line":115,"column":0},"end":{"line":115,"column":3}},"116":{"start":{"line":117,"column":0},"end":{"line":117,"column":48}},"117":{"start":{"line":118,"column":0},"end":{"line":118,"column":47}},"118":{"start":{"line":119,"column":0},"end":{"line":119,"column":52}},"119":{"start":{"line":120,"column":0},"end":{"line":120,"column":16}},"120":{"start":{"line":121,"column":0},"end":{"line":121,"column":25}},"121":{"start":{"line":122,"column":0},"end":{"line":122,"column":6}},"123":{"start":{"line":124,"column":0},"end":{"line":124,"column":26}},"125":{"start":{"line":126,"column":0},"end":{"line":126,"column":64}},"127":{"start":{"line":128,"column":0},"end":{"line":128,"column":59}},"128":{"start":{"line":129,"column":0},"end":{"line":129,"column":61}},"129":{"start":{"line":130,"column":0},"end":{"line":130,"column":5}},"130":{"start":{"line":131,"column":0},"end":{"line":131,"column":3}},"132":{"start":{"line":133,"column":0},"end":{"line":133,"column":85}},"134":{"start":{"line":135,"column":0},"end":{"line":135,"column":55}},"135":{"start":{"line":136,"column":0},"end":{"line":136,"column":52}},"136":{"start":{"line":137,"column":0},"end":{"line":137,"column":83}},"138":{"start":{"line":139,"column":0},"end":{"line":139,"column":25}},"139":{"start":{"line":140,"column":0},"end":{"line":140,"column":36}},"140":{"start":{"line":141,"column":0},"end":{"line":141,"column":25}},"141":{"start":{"line":142,"column":0},"end":{"line":142,"column":25}},"142":{"start":{"line":143,"column":0},"end":{"line":143,"column":44}},"143":{"start":{"line":144,"column":0},"end":{"line":144,"column":9}},"144":{"start":{"line":145,"column":0},"end":{"line":145,"column":13}},"145":{"start":{"line":146,"column":0},"end":{"line":146,"column":5}},"148":{"start":{"line":149,"column":0},"end":{"line":149,"column":31}},"149":{"start":{"line":150,"column":0},"end":{"line":150,"column":52}},"150":{"start":{"line":151,"column":0},"end":{"line":151,"column":98}},"152":{"start":{"line":153,"column":0},"end":{"line":153,"column":25}},"153":{"start":{"line":154,"column":0},"end":{"line":154,"column":36}},"154":{"start":{"line":155,"column":0},"end":{"line":155,"column":25}},"155":{"start":{"line":156,"column":0},"end":{"line":156,"column":25}},"156":{"start":{"line":157,"column":0},"end":{"line":157,"column":44}},"157":{"start":{"line":158,"column":0},"end":{"line":158,"column":9}},"158":{"start":{"line":159,"column":0},"end":{"line":159,"column":13}},"159":{"start":{"line":160,"column":0},"end":{"line":160,"column":5}},"161":{"start":{"line":162,"column":0},"end":{"line":162,"column":56}},"162":{"start":{"line":163,"column":0},"end":{"line":163,"column":54}},"163":{"start":{"line":164,"column":0},"end":{"line":164,"column":36}},"164":{"start":{"line":165,"column":0},"end":{"line":165,"column":25}},"165":{"start":{"line":166,"column":0},"end":{"line":166,"column":9}},"167":{"start":{"line":168,"column":0},"end":{"line":168,"column":97}},"168":{"start":{"line":169,"column":0},"end":{"line":169,"column":37}},"169":{"start":{"line":170,"column":0},"end":{"line":170,"column":41}},"170":{"start":{"line":171,"column":0},"end":{"line":171,"column":9}},"173":{"start":{"line":174,"column":0},"end":{"line":174,"column":25}},"174":{"start":{"line":175,"column":0},"end":{"line":175,"column":45}},"175":{"start":{"line":176,"column":0},"end":{"line":176,"column":37}},"176":{"start":{"line":177,"column":0},"end":{"line":177,"column":50}},"178":{"start":{"line":179,"column":0},"end":{"line":179,"column":42}},"179":{"start":{"line":180,"column":0},"end":{"line":180,"column":69}},"180":{"start":{"line":181,"column":0},"end":{"line":181,"column":9}},"181":{"start":{"line":182,"column":0},"end":{"line":182,"column":7}},"183":{"start":{"line":184,"column":0},"end":{"line":184,"column":49}},"184":{"start":{"line":185,"column":0},"end":{"line":185,"column":45}},"186":{"start":{"line":187,"column":0},"end":{"line":187,"column":72}},"187":{"start":{"line":188,"column":0},"end":{"line":188,"column":39}},"188":{"start":{"line":189,"column":0},"end":{"line":189,"column":95}},"190":{"start":{"line":191,"column":0},"end":{"line":191,"column":42}},"191":{"start":{"line":192,"column":0},"end":{"line":192,"column":46}},"192":{"start":{"line":193,"column":0},"end":{"line":193,"column":41}},"193":{"start":{"line":194,"column":0},"end":{"line":194,"column":57}},"194":{"start":{"line":195,"column":0},"end":{"line":195,"column":46}},"195":{"start":{"line":196,"column":0},"end":{"line":196,"column":11}},"196":{"start":{"line":197,"column":0},"end":{"line":197,"column":7}},"197":{"start":{"line":198,"column":0},"end":{"line":198,"column":29}},"198":{"start":{"line":199,"column":0},"end":{"line":199,"column":90}},"200":{"start":{"line":201,"column":0},"end":{"line":201,"column":25}},"201":{"start":{"line":202,"column":0},"end":{"line":202,"column":36}},"202":{"start":{"line":203,"column":0},"end":{"line":203,"column":73}},"203":{"start":{"line":204,"column":0},"end":{"line":204,"column":25}},"204":{"start":{"line":205,"column":0},"end":{"line":205,"column":44}},"205":{"start":{"line":206,"column":0},"end":{"line":206,"column":9}},"206":{"start":{"line":207,"column":0},"end":{"line":207,"column":12}},"207":{"start":{"line":208,"column":0},"end":{"line":208,"column":83}},"209":{"start":{"line":210,"column":0},"end":{"line":210,"column":25}},"210":{"start":{"line":211,"column":0},"end":{"line":211,"column":36}},"211":{"start":{"line":212,"column":0},"end":{"line":212,"column":41}},"212":{"start":{"line":213,"column":0},"end":{"line":213,"column":25}},"213":{"start":{"line":214,"column":0},"end":{"line":214,"column":44}},"214":{"start":{"line":215,"column":0},"end":{"line":215,"column":9}},"215":{"start":{"line":216,"column":0},"end":{"line":216,"column":5}},"216":{"start":{"line":217,"column":0},"end":{"line":217,"column":3}},"218":{"start":{"line":219,"column":0},"end":{"line":219,"column":46}},"219":{"start":{"line":220,"column":0},"end":{"line":220,"column":30}},"221":{"start":{"line":222,"column":0},"end":{"line":222,"column":22}},"222":{"start":{"line":223,"column":0},"end":{"line":223,"column":51}},"223":{"start":{"line":224,"column":0},"end":{"line":224,"column":38}},"224":{"start":{"line":225,"column":0},"end":{"line":225,"column":5}},"227":{"start":{"line":228,"column":0},"end":{"line":228,"column":23}},"228":{"start":{"line":229,"column":0},"end":{"line":229,"column":72}},"229":{"start":{"line":230,"column":0},"end":{"line":230,"column":38}},"230":{"start":{"line":231,"column":0},"end":{"line":231,"column":5}},"232":{"start":{"line":233,"column":0},"end":{"line":233,"column":23}},"233":{"start":{"line":234,"column":0},"end":{"line":234,"column":72}},"235":{"start":{"line":236,"column":0},"end":{"line":236,"column":33}},"236":{"start":{"line":237,"column":0},"end":{"line":237,"column":62}},"237":{"start":{"line":238,"column":0},"end":{"line":238,"column":7}},"238":{"start":{"line":239,"column":0},"end":{"line":239,"column":38}},"239":{"start":{"line":240,"column":0},"end":{"line":240,"column":5}},"241":{"start":{"line":242,"column":0},"end":{"line":242,"column":23}},"242":{"start":{"line":243,"column":0},"end":{"line":243,"column":72}},"243":{"start":{"line":244,"column":0},"end":{"line":244,"column":38}},"244":{"start":{"line":245,"column":0},"end":{"line":245,"column":5}},"247":{"start":{"line":248,"column":0},"end":{"line":248,"column":52}},"248":{"start":{"line":249,"column":0},"end":{"line":249,"column":52}},"249":{"start":{"line":250,"column":0},"end":{"line":250,"column":40}},"250":{"start":{"line":251,"column":0},"end":{"line":251,"column":48}},"251":{"start":{"line":252,"column":0},"end":{"line":252,"column":9}},"252":{"start":{"line":253,"column":0},"end":{"line":253,"column":31}},"253":{"start":{"line":254,"column":0},"end":{"line":254,"column":5}},"256":{"start":{"line":257,"column":0},"end":{"line":257,"column":37}},"257":{"start":{"line":258,"column":0},"end":{"line":258,"column":38}},"258":{"start":{"line":259,"column":0},"end":{"line":259,"column":5}},"261":{"start":{"line":262,"column":0},"end":{"line":262,"column":52}},"262":{"start":{"line":263,"column":0},"end":{"line":263,"column":35}},"263":{"start":{"line":264,"column":0},"end":{"line":264,"column":36}},"264":{"start":{"line":265,"column":0},"end":{"line":265,"column":5}},"266":{"start":{"line":267,"column":0},"end":{"line":267,"column":20}},"267":{"start":{"line":268,"column":0},"end":{"line":268,"column":3}},"269":{"start":{"line":270,"column":0},"end":{"line":270,"column":50}},"270":{"start":{"line":271,"column":0},"end":{"line":271,"column":26}},"271":{"start":{"line":272,"column":0},"end":{"line":272,"column":20}},"272":{"start":{"line":273,"column":0},"end":{"line":273,"column":26}},"273":{"start":{"line":274,"column":0},"end":{"line":274,"column":70}},"274":{"start":{"line":275,"column":0},"end":{"line":275,"column":21}},"275":{"start":{"line":276,"column":0},"end":{"line":276,"column":20}},"276":{"start":{"line":277,"column":0},"end":{"line":277,"column":21}},"277":{"start":{"line":278,"column":0},"end":{"line":278,"column":26}},"278":{"start":{"line":279,"column":0},"end":{"line":279,"column":65}},"279":{"start":{"line":280,"column":0},"end":{"line":280,"column":21}},"280":{"start":{"line":281,"column":0},"end":{"line":281,"column":21}},"281":{"start":{"line":282,"column":0},"end":{"line":282,"column":25}},"282":{"start":{"line":283,"column":0},"end":{"line":283,"column":19}},"283":{"start":{"line":284,"column":0},"end":{"line":284,"column":60}},"284":{"start":{"line":285,"column":0},"end":{"line":285,"column":20}},"285":{"start":{"line":286,"column":0},"end":{"line":286,"column":32}},"287":{"start":{"line":288,"column":0},"end":{"line":288,"column":101}},"288":{"start":{"line":289,"column":0},"end":{"line":289,"column":68}},"289":{"start":{"line":290,"column":0},"end":{"line":290,"column":54}},"290":{"start":{"line":291,"column":0},"end":{"line":291,"column":84}},"291":{"start":{"line":292,"column":0},"end":{"line":292,"column":13}},"292":{"start":{"line":293,"column":0},"end":{"line":293,"column":43}},"293":{"start":{"line":294,"column":0},"end":{"line":294,"column":9}},"294":{"start":{"line":295,"column":0},"end":{"line":295,"column":42}},"295":{"start":{"line":296,"column":0},"end":{"line":296,"column":53}},"296":{"start":{"line":297,"column":0},"end":{"line":297,"column":41}},"297":{"start":{"line":298,"column":0},"end":{"line":298,"column":11}},"298":{"start":{"line":299,"column":0},"end":{"line":299,"column":86}},"299":{"start":{"line":300,"column":0},"end":{"line":300,"column":9}},"300":{"start":{"line":301,"column":0},"end":{"line":301,"column":37}},"301":{"start":{"line":302,"column":0},"end":{"line":302,"column":14}},"302":{"start":{"line":303,"column":0},"end":{"line":303,"column":21}},"303":{"start":{"line":304,"column":0},"end":{"line":304,"column":5}},"304":{"start":{"line":305,"column":0},"end":{"line":305,"column":3}},"306":{"start":{"line":307,"column":0},"end":{"line":307,"column":63}},"307":{"start":{"line":308,"column":0},"end":{"line":308,"column":19}},"308":{"start":{"line":309,"column":0},"end":{"line":309,"column":20}},"309":{"start":{"line":310,"column":0},"end":{"line":310,"column":26}},"310":{"start":{"line":311,"column":0},"end":{"line":311,"column":70}},"311":{"start":{"line":312,"column":0},"end":{"line":312,"column":21}},"312":{"start":{"line":313,"column":0},"end":{"line":313,"column":20}},"313":{"start":{"line":314,"column":0},"end":{"line":314,"column":21}},"314":{"start":{"line":315,"column":0},"end":{"line":315,"column":24}},"315":{"start":{"line":316,"column":0},"end":{"line":316,"column":21}},"316":{"start":{"line":317,"column":0},"end":{"line":317,"column":25}},"317":{"start":{"line":318,"column":0},"end":{"line":318,"column":19}},"318":{"start":{"line":319,"column":0},"end":{"line":319,"column":60}},"319":{"start":{"line":320,"column":0},"end":{"line":320,"column":20}},"320":{"start":{"line":321,"column":0},"end":{"line":321,"column":37}},"321":{"start":{"line":322,"column":0},"end":{"line":322,"column":14}},"322":{"start":{"line":323,"column":0},"end":{"line":323,"column":21}},"323":{"start":{"line":324,"column":0},"end":{"line":324,"column":5}},"324":{"start":{"line":325,"column":0},"end":{"line":325,"column":3}},"326":{"start":{"line":327,"column":0},"end":{"line":327,"column":76}},"327":{"start":{"line":328,"column":0},"end":{"line":328,"column":47}},"328":{"start":{"line":329,"column":0},"end":{"line":329,"column":56}},"329":{"start":{"line":330,"column":0},"end":{"line":330,"column":31}},"330":{"start":{"line":331,"column":0},"end":{"line":331,"column":5}},"333":{"start":{"line":334,"column":0},"end":{"line":334,"column":32}},"334":{"start":{"line":335,"column":0},"end":{"line":335,"column":102}},"335":{"start":{"line":336,"column":0},"end":{"line":336,"column":29}},"336":{"start":{"line":337,"column":0},"end":{"line":337,"column":66}},"338":{"start":{"line":339,"column":0},"end":{"line":339,"column":49}},"339":{"start":{"line":340,"column":0},"end":{"line":340,"column":52}},"340":{"start":{"line":341,"column":0},"end":{"line":341,"column":16}},"341":{"start":{"line":342,"column":0},"end":{"line":342,"column":42}},"342":{"start":{"line":343,"column":0},"end":{"line":343,"column":9}},"343":{"start":{"line":344,"column":0},"end":{"line":344,"column":77}},"344":{"start":{"line":345,"column":0},"end":{"line":345,"column":9}},"345":{"start":{"line":346,"column":0},"end":{"line":346,"column":37}},"346":{"start":{"line":347,"column":0},"end":{"line":347,"column":5}},"348":{"start":{"line":349,"column":0},"end":{"line":349,"column":29}},"349":{"start":{"line":350,"column":0},"end":{"line":350,"column":3}},"351":{"start":{"line":352,"column":0},"end":{"line":352,"column":44}},"352":{"start":{"line":353,"column":0},"end":{"line":353,"column":37}},"353":{"start":{"line":354,"column":0},"end":{"line":354,"column":45}},"354":{"start":{"line":355,"column":0},"end":{"line":355,"column":35}},"355":{"start":{"line":356,"column":0},"end":{"line":356,"column":7}},"356":{"start":{"line":357,"column":0},"end":{"line":357,"column":42}},"357":{"start":{"line":358,"column":0},"end":{"line":358,"column":5}},"358":{"start":{"line":359,"column":0},"end":{"line":359,"column":17}},"359":{"start":{"line":360,"column":0},"end":{"line":360,"column":3}},"361":{"start":{"line":362,"column":0},"end":{"line":362,"column":49}},"362":{"start":{"line":363,"column":0},"end":{"line":363,"column":47}},"363":{"start":{"line":364,"column":0},"end":{"line":364,"column":53}},"364":{"start":{"line":365,"column":0},"end":{"line":365,"column":16}},"365":{"start":{"line":366,"column":0},"end":{"line":366,"column":25}},"366":{"start":{"line":367,"column":0},"end":{"line":367,"column":6}},"368":{"start":{"line":369,"column":0},"end":{"line":369,"column":31}},"369":{"start":{"line":370,"column":0},"end":{"line":370,"column":31}},"370":{"start":{"line":371,"column":0},"end":{"line":371,"column":77}},"371":{"start":{"line":372,"column":0},"end":{"line":372,"column":24}},"372":{"start":{"line":373,"column":0},"end":{"line":373,"column":7}},"374":{"start":{"line":375,"column":0},"end":{"line":375,"column":31}},"375":{"start":{"line":376,"column":0},"end":{"line":376,"column":31}},"376":{"start":{"line":377,"column":0},"end":{"line":377,"column":29}},"377":{"start":{"line":378,"column":0},"end":{"line":378,"column":7}},"380":{"start":{"line":381,"column":0},"end":{"line":381,"column":46}},"382":{"start":{"line":383,"column":0},"end":{"line":383,"column":31}},"383":{"start":{"line":384,"column":0},"end":{"line":384,"column":33}},"384":{"start":{"line":385,"column":0},"end":{"line":385,"column":38}},"385":{"start":{"line":386,"column":0},"end":{"line":386,"column":32}},"386":{"start":{"line":387,"column":0},"end":{"line":387,"column":25}},"387":{"start":{"line":388,"column":0},"end":{"line":388,"column":9}},"388":{"start":{"line":389,"column":0},"end":{"line":389,"column":5}},"390":{"start":{"line":391,"column":0},"end":{"line":391,"column":44}},"391":{"start":{"line":392,"column":0},"end":{"line":392,"column":38}},"392":{"start":{"line":393,"column":0},"end":{"line":393,"column":23}},"393":{"start":{"line":394,"column":0},"end":{"line":394,"column":7}},"396":{"start":{"line":397,"column":0},"end":{"line":397,"column":35}},"397":{"start":{"line":398,"column":0},"end":{"line":398,"column":32}},"398":{"start":{"line":399,"column":0},"end":{"line":399,"column":42}},"399":{"start":{"line":400,"column":0},"end":{"line":400,"column":5}},"400":{"start":{"line":401,"column":0},"end":{"line":401,"column":38}},"401":{"start":{"line":402,"column":0},"end":{"line":402,"column":51}},"402":{"start":{"line":403,"column":0},"end":{"line":403,"column":48}},"403":{"start":{"line":404,"column":0},"end":{"line":404,"column":5}},"404":{"start":{"line":405,"column":0},"end":{"line":405,"column":31}},"405":{"start":{"line":406,"column":0},"end":{"line":406,"column":33}},"406":{"start":{"line":407,"column":0},"end":{"line":407,"column":42}},"407":{"start":{"line":408,"column":0},"end":{"line":408,"column":9}},"408":{"start":{"line":409,"column":0},"end":{"line":409,"column":5}},"410":{"start":{"line":411,"column":0},"end":{"line":411,"column":34}},"411":{"start":{"line":412,"column":0},"end":{"line":412,"column":21}},"412":{"start":{"line":413,"column":0},"end":{"line":413,"column":28}},"413":{"start":{"line":414,"column":0},"end":{"line":414,"column":23}},"414":{"start":{"line":415,"column":0},"end":{"line":415,"column":30}},"415":{"start":{"line":416,"column":0},"end":{"line":416,"column":7}},"417":{"start":{"line":418,"column":0},"end":{"line":418,"column":37}},"418":{"start":{"line":419,"column":0},"end":{"line":419,"column":19}},"419":{"start":{"line":420,"column":0},"end":{"line":420,"column":9}},"420":{"start":{"line":421,"column":0},"end":{"line":421,"column":26}},"421":{"start":{"line":422,"column":0},"end":{"line":422,"column":25}},"422":{"start":{"line":423,"column":0},"end":{"line":423,"column":10}},"423":{"start":{"line":424,"column":0},"end":{"line":424,"column":9}},"424":{"start":{"line":425,"column":0},"end":{"line":425,"column":25}},"425":{"start":{"line":426,"column":0},"end":{"line":426,"column":37}},"426":{"start":{"line":427,"column":0},"end":{"line":427,"column":33}},"427":{"start":{"line":428,"column":0},"end":{"line":428,"column":10}},"428":{"start":{"line":429,"column":0},"end":{"line":429,"column":8}},"429":{"start":{"line":430,"column":0},"end":{"line":430,"column":19}},"430":{"start":{"line":431,"column":0},"end":{"line":431,"column":62}},"431":{"start":{"line":432,"column":0},"end":{"line":432,"column":8}},"432":{"start":{"line":433,"column":0},"end":{"line":433,"column":7}},"434":{"start":{"line":435,"column":0},"end":{"line":435,"column":45}},"436":{"start":{"line":437,"column":0},"end":{"line":437,"column":46}},"438":{"start":{"line":439,"column":0},"end":{"line":439,"column":57}},"439":{"start":{"line":440,"column":0},"end":{"line":440,"column":56}},"440":{"start":{"line":441,"column":0},"end":{"line":441,"column":71}},"441":{"start":{"line":442,"column":0},"end":{"line":442,"column":7}},"442":{"start":{"line":443,"column":0},"end":{"line":443,"column":5}},"443":{"start":{"line":444,"column":0},"end":{"line":444,"column":3}},"445":{"start":{"line":446,"column":0},"end":{"line":446,"column":40}},"446":{"start":{"line":447,"column":0},"end":{"line":447,"column":40}},"448":{"start":{"line":449,"column":0},"end":{"line":449,"column":48}},"451":{"start":{"line":452,"column":0},"end":{"line":452,"column":68}},"452":{"start":{"line":453,"column":0},"end":{"line":453,"column":35}},"453":{"start":{"line":454,"column":0},"end":{"line":454,"column":90}},"454":{"start":{"line":455,"column":0},"end":{"line":455,"column":27}},"455":{"start":{"line":456,"column":0},"end":{"line":456,"column":41}},"458":{"start":{"line":459,"column":0},"end":{"line":459,"column":56}},"459":{"start":{"line":460,"column":0},"end":{"line":460,"column":43}},"460":{"start":{"line":461,"column":0},"end":{"line":461,"column":31}},"461":{"start":{"line":462,"column":0},"end":{"line":462,"column":67}},"462":{"start":{"line":463,"column":0},"end":{"line":463,"column":13}},"463":{"start":{"line":464,"column":0},"end":{"line":464,"column":11}},"466":{"start":{"line":467,"column":0},"end":{"line":467,"column":47}},"467":{"start":{"line":468,"column":0},"end":{"line":468,"column":90}},"468":{"start":{"line":469,"column":0},"end":{"line":469,"column":35}},"469":{"start":{"line":470,"column":0},"end":{"line":470,"column":71}},"470":{"start":{"line":471,"column":0},"end":{"line":471,"column":15}},"471":{"start":{"line":472,"column":0},"end":{"line":472,"column":13}},"472":{"start":{"line":473,"column":0},"end":{"line":473,"column":11}},"475":{"start":{"line":476,"column":0},"end":{"line":476,"column":36}},"476":{"start":{"line":477,"column":0},"end":{"line":477,"column":81}},"477":{"start":{"line":478,"column":0},"end":{"line":478,"column":37}},"478":{"start":{"line":479,"column":0},"end":{"line":479,"column":81}},"479":{"start":{"line":480,"column":0},"end":{"line":480,"column":39}},"480":{"start":{"line":481,"column":0},"end":{"line":481,"column":75}},"481":{"start":{"line":482,"column":0},"end":{"line":482,"column":19}},"482":{"start":{"line":483,"column":0},"end":{"line":483,"column":17}},"483":{"start":{"line":484,"column":0},"end":{"line":484,"column":15}},"484":{"start":{"line":485,"column":0},"end":{"line":485,"column":13}},"485":{"start":{"line":486,"column":0},"end":{"line":486,"column":11}},"486":{"start":{"line":487,"column":0},"end":{"line":487,"column":9}},"487":{"start":{"line":488,"column":0},"end":{"line":488,"column":7}},"488":{"start":{"line":489,"column":0},"end":{"line":489,"column":5}},"490":{"start":{"line":491,"column":0},"end":{"line":491,"column":40}},"491":{"start":{"line":492,"column":0},"end":{"line":492,"column":3}},"493":{"start":{"line":494,"column":0},"end":{"line":494,"column":77}},"494":{"start":{"line":495,"column":0},"end":{"line":495,"column":24}},"497":{"start":{"line":498,"column":0},"end":{"line":498,"column":22}},"498":{"start":{"line":499,"column":0},"end":{"line":499,"column":51}},"499":{"start":{"line":500,"column":0},"end":{"line":500,"column":20}},"500":{"start":{"line":501,"column":0},"end":{"line":501,"column":48}},"501":{"start":{"line":502,"column":0},"end":{"line":502,"column":7}},"502":{"start":{"line":503,"column":0},"end":{"line":503,"column":13}},"503":{"start":{"line":504,"column":0},"end":{"line":504,"column":5}},"506":{"start":{"line":507,"column":0},"end":{"line":507,"column":55}},"507":{"start":{"line":508,"column":0},"end":{"line":508,"column":67}},"508":{"start":{"line":509,"column":0},"end":{"line":509,"column":40}},"509":{"start":{"line":510,"column":0},"end":{"line":510,"column":58}},"510":{"start":{"line":511,"column":0},"end":{"line":511,"column":7}},"511":{"start":{"line":512,"column":0},"end":{"line":512,"column":13}},"512":{"start":{"line":513,"column":0},"end":{"line":513,"column":5}},"515":{"start":{"line":516,"column":0},"end":{"line":516,"column":50}},"516":{"start":{"line":517,"column":0},"end":{"line":517,"column":59}},"517":{"start":{"line":518,"column":0},"end":{"line":518,"column":5}},"520":{"start":{"line":521,"column":0},"end":{"line":521,"column":28}},"521":{"start":{"line":522,"column":0},"end":{"line":522,"column":66}},"522":{"start":{"line":523,"column":0},"end":{"line":523,"column":66}},"523":{"start":{"line":524,"column":0},"end":{"line":524,"column":7}},"524":{"start":{"line":525,"column":0},"end":{"line":525,"column":5}},"527":{"start":{"line":528,"column":0},"end":{"line":528,"column":89}},"528":{"start":{"line":529,"column":0},"end":{"line":529,"column":74}},"529":{"start":{"line":530,"column":0},"end":{"line":530,"column":5}},"530":{"start":{"line":531,"column":0},"end":{"line":531,"column":3}},"532":{"start":{"line":533,"column":0},"end":{"line":533,"column":102}},"533":{"start":{"line":534,"column":0},"end":{"line":534,"column":95}},"535":{"start":{"line":536,"column":0},"end":{"line":536,"column":52}},"537":{"start":{"line":538,"column":0},"end":{"line":538,"column":68}},"538":{"start":{"line":539,"column":0},"end":{"line":539,"column":35}},"539":{"start":{"line":540,"column":0},"end":{"line":540,"column":90}},"540":{"start":{"line":541,"column":0},"end":{"line":541,"column":27}},"541":{"start":{"line":542,"column":0},"end":{"line":542,"column":41}},"542":{"start":{"line":543,"column":0},"end":{"line":543,"column":55}},"543":{"start":{"line":544,"column":0},"end":{"line":544,"column":45}},"544":{"start":{"line":545,"column":0},"end":{"line":545,"column":56}},"545":{"start":{"line":546,"column":0},"end":{"line":546,"column":9}},"546":{"start":{"line":547,"column":0},"end":{"line":547,"column":7}},"547":{"start":{"line":548,"column":0},"end":{"line":548,"column":5}},"549":{"start":{"line":550,"column":0},"end":{"line":550,"column":18}},"550":{"start":{"line":551,"column":0},"end":{"line":551,"column":3}},"552":{"start":{"line":553,"column":0},"end":{"line":553,"column":101}},"553":{"start":{"line":554,"column":0},"end":{"line":554,"column":87}},"554":{"start":{"line":555,"column":0},"end":{"line":555,"column":50}},"555":{"start":{"line":556,"column":0},"end":{"line":556,"column":46}},"557":{"start":{"line":558,"column":0},"end":{"line":558,"column":35}},"558":{"start":{"line":559,"column":0},"end":{"line":559,"column":36}},"559":{"start":{"line":560,"column":0},"end":{"line":560,"column":37}},"560":{"start":{"line":561,"column":0},"end":{"line":561,"column":38}},"562":{"start":{"line":563,"column":0},"end":{"line":563,"column":37}},"563":{"start":{"line":564,"column":0},"end":{"line":564,"column":56}},"564":{"start":{"line":565,"column":0},"end":{"line":565,"column":57}},"566":{"start":{"line":567,"column":0},"end":{"line":567,"column":25}},"567":{"start":{"line":568,"column":0},"end":{"line":568,"column":24}},"568":{"start":{"line":569,"column":0},"end":{"line":569,"column":24}},"569":{"start":{"line":570,"column":0},"end":{"line":570,"column":42}},"570":{"start":{"line":571,"column":0},"end":{"line":571,"column":9}},"572":{"start":{"line":573,"column":0},"end":{"line":573,"column":32}},"573":{"start":{"line":574,"column":0},"end":{"line":574,"column":35}},"574":{"start":{"line":575,"column":0},"end":{"line":575,"column":40}},"575":{"start":{"line":576,"column":0},"end":{"line":576,"column":36}},"576":{"start":{"line":577,"column":0},"end":{"line":577,"column":41}},"577":{"start":{"line":578,"column":0},"end":{"line":578,"column":37}},"578":{"start":{"line":579,"column":0},"end":{"line":579,"column":7}},"579":{"start":{"line":580,"column":0},"end":{"line":580,"column":5}},"581":{"start":{"line":582,"column":0},"end":{"line":582,"column":22}},"582":{"start":{"line":583,"column":0},"end":{"line":583,"column":68}},"583":{"start":{"line":584,"column":0},"end":{"line":584,"column":64}},"584":{"start":{"line":585,"column":0},"end":{"line":585,"column":25}},"585":{"start":{"line":586,"column":0},"end":{"line":586,"column":21}},"586":{"start":{"line":587,"column":0},"end":{"line":587,"column":41}},"587":{"start":{"line":588,"column":0},"end":{"line":588,"column":48}},"588":{"start":{"line":589,"column":0},"end":{"line":589,"column":9}},"589":{"start":{"line":590,"column":0},"end":{"line":590,"column":5}},"591":{"start":{"line":592,"column":0},"end":{"line":592,"column":23}},"592":{"start":{"line":593,"column":0},"end":{"line":593,"column":21}},"593":{"start":{"line":594,"column":0},"end":{"line":594,"column":33}},"594":{"start":{"line":595,"column":0},"end":{"line":595,"column":29}},"595":{"start":{"line":596,"column":0},"end":{"line":596,"column":7}},"597":{"start":{"line":598,"column":0},"end":{"line":598,"column":67}},"599":{"start":{"line":600,"column":0},"end":{"line":600,"column":58}},"600":{"start":{"line":601,"column":0},"end":{"line":601,"column":23}},"601":{"start":{"line":602,"column":0},"end":{"line":602,"column":20}},"602":{"start":{"line":603,"column":0},"end":{"line":603,"column":31}},"603":{"start":{"line":604,"column":0},"end":{"line":604,"column":60}},"604":{"start":{"line":605,"column":0},"end":{"line":605,"column":7}},"607":{"start":{"line":608,"column":0},"end":{"line":608,"column":36}},"610":{"start":{"line":611,"column":0},"end":{"line":611,"column":28}},"611":{"start":{"line":612,"column":0},"end":{"line":612,"column":41}},"612":{"start":{"line":613,"column":0},"end":{"line":613,"column":5}},"613":{"start":{"line":614,"column":0},"end":{"line":614,"column":79}},"614":{"start":{"line":615,"column":0},"end":{"line":615,"column":53}},"615":{"start":{"line":616,"column":0},"end":{"line":616,"column":45}},"616":{"start":{"line":617,"column":0},"end":{"line":617,"column":5}},"619":{"start":{"line":620,"column":0},"end":{"line":620,"column":35}},"620":{"start":{"line":621,"column":0},"end":{"line":621,"column":37}},"621":{"start":{"line":622,"column":0},"end":{"line":622,"column":56}},"622":{"start":{"line":623,"column":0},"end":{"line":623,"column":43}},"624":{"start":{"line":625,"column":0},"end":{"line":625,"column":30}},"625":{"start":{"line":626,"column":0},"end":{"line":626,"column":44}},"626":{"start":{"line":627,"column":0},"end":{"line":627,"column":7}},"629":{"start":{"line":630,"column":0},"end":{"line":630,"column":39}},"630":{"start":{"line":631,"column":0},"end":{"line":631,"column":25}},"631":{"start":{"line":632,"column":0},"end":{"line":632,"column":84}},"632":{"start":{"line":633,"column":0},"end":{"line":633,"column":97}},"633":{"start":{"line":634,"column":0},"end":{"line":634,"column":97}},"634":{"start":{"line":635,"column":0},"end":{"line":635,"column":91}},"635":{"start":{"line":636,"column":0},"end":{"line":636,"column":101}},"636":{"start":{"line":637,"column":0},"end":{"line":637,"column":7}},"638":{"start":{"line":639,"column":0},"end":{"line":639,"column":35}},"639":{"start":{"line":640,"column":0},"end":{"line":640,"column":51}},"640":{"start":{"line":641,"column":0},"end":{"line":641,"column":7}},"642":{"start":{"line":643,"column":0},"end":{"line":643,"column":31}},"643":{"start":{"line":644,"column":0},"end":{"line":644,"column":5}},"646":{"start":{"line":647,"column":0},"end":{"line":647,"column":22}},"647":{"start":{"line":648,"column":0},"end":{"line":648,"column":47}},"648":{"start":{"line":649,"column":0},"end":{"line":649,"column":36}},"649":{"start":{"line":650,"column":0},"end":{"line":650,"column":51}},"650":{"start":{"line":651,"column":0},"end":{"line":651,"column":7}},"651":{"start":{"line":652,"column":0},"end":{"line":652,"column":30}},"652":{"start":{"line":653,"column":0},"end":{"line":653,"column":5}},"655":{"start":{"line":656,"column":0},"end":{"line":656,"column":73}},"658":{"start":{"line":659,"column":0},"end":{"line":659,"column":60}},"659":{"start":{"line":660,"column":0},"end":{"line":660,"column":121}},"660":{"start":{"line":661,"column":0},"end":{"line":661,"column":39}},"661":{"start":{"line":662,"column":0},"end":{"line":662,"column":57}},"662":{"start":{"line":663,"column":0},"end":{"line":663,"column":5}},"665":{"start":{"line":666,"column":0},"end":{"line":666,"column":46}},"666":{"start":{"line":667,"column":0},"end":{"line":667,"column":53}},"667":{"start":{"line":668,"column":0},"end":{"line":668,"column":36}},"668":{"start":{"line":669,"column":0},"end":{"line":669,"column":35}},"669":{"start":{"line":670,"column":0},"end":{"line":670,"column":5}},"671":{"start":{"line":672,"column":0},"end":{"line":672,"column":32}},"672":{"start":{"line":673,"column":0},"end":{"line":673,"column":34}},"673":{"start":{"line":674,"column":0},"end":{"line":674,"column":43}},"674":{"start":{"line":675,"column":0},"end":{"line":675,"column":9}},"675":{"start":{"line":676,"column":0},"end":{"line":676,"column":5}},"677":{"start":{"line":678,"column":0},"end":{"line":678,"column":27}},"678":{"start":{"line":679,"column":0},"end":{"line":679,"column":37}},"679":{"start":{"line":680,"column":0},"end":{"line":680,"column":70}},"680":{"start":{"line":681,"column":0},"end":{"line":681,"column":5}},"682":{"start":{"line":683,"column":0},"end":{"line":683,"column":36}},"684":{"start":{"line":685,"column":0},"end":{"line":685,"column":33}},"685":{"start":{"line":686,"column":0},"end":{"line":686,"column":71}},"686":{"start":{"line":687,"column":0},"end":{"line":687,"column":5}},"688":{"start":{"line":689,"column":0},"end":{"line":689,"column":34}},"689":{"start":{"line":690,"column":0},"end":{"line":690,"column":73}},"690":{"start":{"line":691,"column":0},"end":{"line":691,"column":5}},"692":{"start":{"line":693,"column":0},"end":{"line":693,"column":63}},"694":{"start":{"line":695,"column":0},"end":{"line":695,"column":95}},"695":{"start":{"line":696,"column":0},"end":{"line":696,"column":62}},"696":{"start":{"line":697,"column":0},"end":{"line":697,"column":41}},"697":{"start":{"line":698,"column":0},"end":{"line":698,"column":63}},"698":{"start":{"line":699,"column":0},"end":{"line":699,"column":65}},"699":{"start":{"line":700,"column":0},"end":{"line":700,"column":38}},"700":{"start":{"line":701,"column":0},"end":{"line":701,"column":55}},"701":{"start":{"line":702,"column":0},"end":{"line":702,"column":63}},"702":{"start":{"line":703,"column":0},"end":{"line":703,"column":32}},"703":{"start":{"line":704,"column":0},"end":{"line":704,"column":7}},"704":{"start":{"line":705,"column":0},"end":{"line":705,"column":12}},"705":{"start":{"line":706,"column":0},"end":{"line":706,"column":24}},"706":{"start":{"line":707,"column":0},"end":{"line":707,"column":30}},"707":{"start":{"line":708,"column":0},"end":{"line":708,"column":14}},"708":{"start":{"line":709,"column":0},"end":{"line":709,"column":35}},"709":{"start":{"line":710,"column":0},"end":{"line":710,"column":7}},"711":{"start":{"line":712,"column":0},"end":{"line":712,"column":62}},"712":{"start":{"line":713,"column":0},"end":{"line":713,"column":41}},"713":{"start":{"line":714,"column":0},"end":{"line":714,"column":63}},"714":{"start":{"line":715,"column":0},"end":{"line":715,"column":65}},"715":{"start":{"line":716,"column":0},"end":{"line":716,"column":38}},"716":{"start":{"line":717,"column":0},"end":{"line":717,"column":55}},"717":{"start":{"line":718,"column":0},"end":{"line":718,"column":63}},"718":{"start":{"line":719,"column":0},"end":{"line":719,"column":32}},"719":{"start":{"line":720,"column":0},"end":{"line":720,"column":7}},"720":{"start":{"line":721,"column":0},"end":{"line":721,"column":5}},"722":{"start":{"line":723,"column":0},"end":{"line":723,"column":21}},"724":{"start":{"line":725,"column":0},"end":{"line":725,"column":44}},"726":{"start":{"line":727,"column":0},"end":{"line":727,"column":48}},"727":{"start":{"line":728,"column":0},"end":{"line":728,"column":3}},"729":{"start":{"line":730,"column":0},"end":{"line":730,"column":51}},"730":{"start":{"line":731,"column":0},"end":{"line":731,"column":85}},"731":{"start":{"line":732,"column":0},"end":{"line":732,"column":39}},"733":{"start":{"line":734,"column":0},"end":{"line":734,"column":44}},"734":{"start":{"line":735,"column":0},"end":{"line":735,"column":32}},"736":{"start":{"line":737,"column":0},"end":{"line":737,"column":48}},"737":{"start":{"line":738,"column":0},"end":{"line":738,"column":48}},"739":{"start":{"line":740,"column":0},"end":{"line":740,"column":38}},"740":{"start":{"line":741,"column":0},"end":{"line":741,"column":3}},"742":{"start":{"line":743,"column":0},"end":{"line":743,"column":48}},"743":{"start":{"line":744,"column":0},"end":{"line":744,"column":47}},"744":{"start":{"line":745,"column":0},"end":{"line":745,"column":52}},"745":{"start":{"line":746,"column":0},"end":{"line":746,"column":16}},"746":{"start":{"line":747,"column":0},"end":{"line":747,"column":25}},"747":{"start":{"line":748,"column":0},"end":{"line":748,"column":6}},"749":{"start":{"line":750,"column":0},"end":{"line":750,"column":31}},"750":{"start":{"line":751,"column":0},"end":{"line":751,"column":36}},"751":{"start":{"line":752,"column":0},"end":{"line":752,"column":7}},"753":{"start":{"line":754,"column":0},"end":{"line":754,"column":31}},"754":{"start":{"line":755,"column":0},"end":{"line":755,"column":37}},"755":{"start":{"line":756,"column":0},"end":{"line":756,"column":48}},"756":{"start":{"line":757,"column":0},"end":{"line":757,"column":7}},"758":{"start":{"line":759,"column":0},"end":{"line":759,"column":31}},"759":{"start":{"line":760,"column":0},"end":{"line":760,"column":37}},"760":{"start":{"line":761,"column":0},"end":{"line":761,"column":48}},"761":{"start":{"line":762,"column":0},"end":{"line":762,"column":7}},"763":{"start":{"line":764,"column":0},"end":{"line":764,"column":31}},"764":{"start":{"line":765,"column":0},"end":{"line":765,"column":53}},"765":{"start":{"line":766,"column":0},"end":{"line":766,"column":21}},"766":{"start":{"line":767,"column":0},"end":{"line":767,"column":9}},"767":{"start":{"line":768,"column":0},"end":{"line":768,"column":31}},"768":{"start":{"line":769,"column":0},"end":{"line":769,"column":105}},"769":{"start":{"line":770,"column":0},"end":{"line":770,"column":10}},"770":{"start":{"line":771,"column":0},"end":{"line":771,"column":8}},"771":{"start":{"line":772,"column":0},"end":{"line":772,"column":23}},"772":{"start":{"line":773,"column":0},"end":{"line":773,"column":7}},"773":{"start":{"line":774,"column":0},"end":{"line":774,"column":3}},"775":{"start":{"line":776,"column":0},"end":{"line":776,"column":44}},"776":{"start":{"line":777,"column":0},"end":{"line":777,"column":72}},"777":{"start":{"line":778,"column":0},"end":{"line":778,"column":43}},"778":{"start":{"line":779,"column":0},"end":{"line":779,"column":3}},"780":{"start":{"line":781,"column":0},"end":{"line":781,"column":48}},"781":{"start":{"line":782,"column":0},"end":{"line":782,"column":50}},"782":{"start":{"line":783,"column":0},"end":{"line":783,"column":18}},"783":{"start":{"line":784,"column":0},"end":{"line":784,"column":5}},"784":{"start":{"line":785,"column":0},"end":{"line":785,"column":23}},"785":{"start":{"line":786,"column":0},"end":{"line":786,"column":3}},"787":{"start":{"line":788,"column":0},"end":{"line":788,"column":53}},"788":{"start":{"line":789,"column":0},"end":{"line":789,"column":22}},"789":{"start":{"line":790,"column":0},"end":{"line":790,"column":36}},"790":{"start":{"line":791,"column":0},"end":{"line":791,"column":26}},"791":{"start":{"line":792,"column":0},"end":{"line":792,"column":28}},"792":{"start":{"line":793,"column":0},"end":{"line":793,"column":60}},"793":{"start":{"line":794,"column":0},"end":{"line":794,"column":43}},"794":{"start":{"line":795,"column":0},"end":{"line":795,"column":3}},"796":{"start":{"line":797,"column":0},"end":{"line":797,"column":88}},"797":{"start":{"line":798,"column":0},"end":{"line":798,"column":31}},"800":{"start":{"line":801,"column":0},"end":{"line":801,"column":29}},"801":{"start":{"line":802,"column":0},"end":{"line":802,"column":37}},"802":{"start":{"line":803,"column":0},"end":{"line":803,"column":30}},"804":{"start":{"line":805,"column":0},"end":{"line":805,"column":45}},"805":{"start":{"line":806,"column":0},"end":{"line":806,"column":5}},"808":{"start":{"line":809,"column":0},"end":{"line":809,"column":37}},"811":{"start":{"line":812,"column":0},"end":{"line":812,"column":45}},"812":{"start":{"line":813,"column":0},"end":{"line":813,"column":47}},"813":{"start":{"line":814,"column":0},"end":{"line":814,"column":5}},"816":{"start":{"line":817,"column":0},"end":{"line":817,"column":39}},"817":{"start":{"line":818,"column":0},"end":{"line":818,"column":69}},"818":{"start":{"line":819,"column":0},"end":{"line":819,"column":5}},"821":{"start":{"line":822,"column":0},"end":{"line":822,"column":39}},"822":{"start":{"line":823,"column":0},"end":{"line":823,"column":69}},"823":{"start":{"line":824,"column":0},"end":{"line":824,"column":5}},"826":{"start":{"line":827,"column":0},"end":{"line":827,"column":48}},"827":{"start":{"line":828,"column":0},"end":{"line":828,"column":103}},"828":{"start":{"line":829,"column":0},"end":{"line":829,"column":5}},"831":{"start":{"line":832,"column":0},"end":{"line":832,"column":37}},"832":{"start":{"line":833,"column":0},"end":{"line":833,"column":74}},"833":{"start":{"line":834,"column":0},"end":{"line":834,"column":5}},"836":{"start":{"line":837,"column":0},"end":{"line":837,"column":24}},"837":{"start":{"line":838,"column":0},"end":{"line":838,"column":51}},"838":{"start":{"line":839,"column":0},"end":{"line":839,"column":5}},"841":{"start":{"line":842,"column":0},"end":{"line":842,"column":39}},"842":{"start":{"line":843,"column":0},"end":{"line":843,"column":53}},"843":{"start":{"line":844,"column":0},"end":{"line":844,"column":5}},"844":{"start":{"line":845,"column":0},"end":{"line":845,"column":39}},"845":{"start":{"line":846,"column":0},"end":{"line":846,"column":53}},"846":{"start":{"line":847,"column":0},"end":{"line":847,"column":5}},"849":{"start":{"line":850,"column":0},"end":{"line":850,"column":41}},"850":{"start":{"line":851,"column":0},"end":{"line":851,"column":58}},"851":{"start":{"line":852,"column":0},"end":{"line":852,"column":5}},"852":{"start":{"line":853,"column":0},"end":{"line":853,"column":41}},"853":{"start":{"line":854,"column":0},"end":{"line":854,"column":58}},"854":{"start":{"line":855,"column":0},"end":{"line":855,"column":5}},"855":{"start":{"line":856,"column":0},"end":{"line":856,"column":25}},"856":{"start":{"line":857,"column":0},"end":{"line":857,"column":53}},"857":{"start":{"line":858,"column":0},"end":{"line":858,"column":5}},"860":{"start":{"line":861,"column":0},"end":{"line":861,"column":40}},"861":{"start":{"line":862,"column":0},"end":{"line":862,"column":56}},"862":{"start":{"line":863,"column":0},"end":{"line":863,"column":5}},"863":{"start":{"line":864,"column":0},"end":{"line":864,"column":40}},"864":{"start":{"line":865,"column":0},"end":{"line":865,"column":56}},"865":{"start":{"line":866,"column":0},"end":{"line":866,"column":5}},"868":{"start":{"line":869,"column":0},"end":{"line":869,"column":35}},"869":{"start":{"line":870,"column":0},"end":{"line":870,"column":41}},"870":{"start":{"line":871,"column":0},"end":{"line":871,"column":5}},"871":{"start":{"line":872,"column":0},"end":{"line":872,"column":35}},"872":{"start":{"line":873,"column":0},"end":{"line":873,"column":42}},"873":{"start":{"line":874,"column":0},"end":{"line":874,"column":5}},"874":{"start":{"line":875,"column":0},"end":{"line":875,"column":36}},"875":{"start":{"line":876,"column":0},"end":{"line":876,"column":43}},"876":{"start":{"line":877,"column":0},"end":{"line":877,"column":5}},"879":{"start":{"line":880,"column":0},"end":{"line":880,"column":53}},"880":{"start":{"line":881,"column":0},"end":{"line":881,"column":34}},"881":{"start":{"line":882,"column":0},"end":{"line":882,"column":35}},"882":{"start":{"line":883,"column":0},"end":{"line":883,"column":46}},"883":{"start":{"line":884,"column":0},"end":{"line":884,"column":7}},"884":{"start":{"line":885,"column":0},"end":{"line":885,"column":33}},"885":{"start":{"line":886,"column":0},"end":{"line":886,"column":5}},"887":{"start":{"line":888,"column":0},"end":{"line":888,"column":21}},"888":{"start":{"line":889,"column":0},"end":{"line":889,"column":3}},"889":{"start":{"line":890,"column":0},"end":{"line":890,"column":1}}},"s":{"0":1,"1":1,"2":1,"3":1,"5":1,"6":1,"18":1,"19":11,"20":11,"21":11,"23":11,"24":11,"25":11,"26":11,"27":11,"28":11,"29":11,"30":11,"31":11,"32":11,"33":11,"34":11,"35":11,"36":11,"37":11,"38":11,"39":11,"41":11,"42":4,"45":4,"46":1,"47":1,"49":4,"51":3,"53":3,"54":3,"55":3,"57":3,"58":4,"60":11,"61":0,"62":0,"64":0,"65":0,"66":0,"67":0,"68":0,"69":0,"71":0,"72":0,"74":0,"75":0,"76":0,"78":0,"79":0,"80":0,"81":0,"83":0,"84":0,"85":0,"86":0,"88":0,"89":0,"91":0,"92":0,"93":0,"94":0,"96":0,"97":0,"98":0,"99":0,"100":0,"101":0,"102":0,"103":0,"105":0,"106":0,"107":0,"109":0,"110":0,"111":0,"112":0,"113":0,"114":0,"116":11,"117":3,"118":3,"119":3,"120":3,"121":3,"123":3,"125":3,"127":3,"128":2,"129":2,"130":3,"132":11,"134":2,"135":0,"136":0,"138":0,"139":0,"140":0,"141":0,"142":0,"143":0,"144":0,"145":0,"148":2,"149":0,"150":0,"152":0,"153":0,"154":0,"155":0,"156":0,"157":0,"158":0,"159":0,"161":2,"162":2,"163":2,"164":2,"165":2,"167":2,"168":2,"169":2,"170":2,"173":2,"174":0,"175":0,"176":0,"178":0,"179":0,"180":0,"181":0,"183":2,"184":2,"186":2,"187":4,"188":4,"190":4,"191":4,"192":4,"193":4,"194":4,"195":4,"196":4,"197":2,"198":0,"200":0,"201":0,"202":0,"203":0,"204":0,"205":0,"206":0,"207":0,"209":0,"210":0,"211":0,"212":0,"213":0,"214":0,"215":0,"216":2,"218":11,"219":4,"221":4,"222":0,"223":0,"224":0,"227":4,"228":0,"229":0,"230":0,"232":4,"233":0,"235":0,"236":0,"237":0,"238":0,"239":0,"241":4,"242":0,"243":0,"244":0,"247":4,"248":0,"249":0,"250":0,"251":0,"252":0,"253":0,"256":4,"257":0,"258":0,"261":4,"262":4,"263":0,"264":0,"266":4,"267":4,"269":11,"270":4,"271":4,"272":2,"273":0,"274":2,"275":4,"276":4,"277":2,"278":0,"279":2,"280":4,"281":0,"282":4,"283":0,"284":4,"285":0,"287":0,"288":0,"289":0,"290":0,"291":0,"292":0,"293":0,"294":0,"295":0,"296":0,"297":0,"298":0,"299":0,"300":0,"301":4,"302":0,"303":4,"304":4,"306":11,"307":0,"308":0,"309":0,"310":0,"311":0,"312":0,"313":0,"314":0,"315":0,"316":0,"317":0,"318":0,"319":0,"320":0,"321":0,"322":0,"323":0,"324":0,"326":11,"327":0,"328":0,"329":0,"330":0,"333":0,"334":0,"335":0,"336":0,"338":0,"339":0,"340":0,"341":0,"342":0,"343":0,"344":0,"345":0,"346":0,"348":0,"349":0,"351":11,"352":0,"353":0,"354":0,"355":0,"356":0,"357":0,"358":0,"359":0,"361":11,"362":3,"363":3,"364":3,"365":3,"366":3,"368":3,"369":3,"370":3,"371":3,"372":3,"374":3,"375":3,"376":3,"377":3,"380":3,"382":3,"383":0,"384":0,"385":0,"386":0,"387":0,"388":0,"390":3,"391":3,"392":3,"393":3,"396":3,"397":3,"398":1,"399":1,"400":3,"401":0,"402":0,"403":0,"404":3,"405":1,"406":1,"407":1,"408":1,"410":3,"411":3,"412":3,"413":3,"414":3,"415":3,"417":3,"418":3,"419":3,"420":3,"421":3,"422":3,"423":3,"424":3,"425":3,"426":3,"427":3,"428":3,"429":3,"430":3,"431":3,"432":3,"434":3,"436":3,"438":3,"439":0,"440":0,"441":0,"442":0,"443":3,"445":11,"446":3,"448":3,"451":3,"452":0,"453":0,"454":0,"455":0,"458":0,"459":0,"460":0,"461":0,"462":0,"463":0,"466":0,"467":0,"468":0,"469":0,"470":0,"471":0,"472":0,"475":0,"476":0,"477":0,"478":0,"479":0,"480":0,"481":0,"482":0,"483":0,"484":0,"485":0,"486":0,"487":0,"488":0,"490":3,"491":3,"493":11,"494":0,"497":0,"498":0,"499":0,"500":0,"501":0,"502":0,"503":0,"506":0,"507":0,"508":0,"509":0,"510":0,"511":0,"512":0,"515":0,"516":0,"517":0,"520":0,"521":0,"522":0,"523":0,"524":0,"527":0,"528":0,"529":0,"530":0,"532":11,"533":3,"535":3,"537":3,"538":0,"539":0,"540":0,"541":0,"542":0,"543":0,"544":0,"545":0,"546":0,"547":0,"549":3,"550":3,"552":11,"553":0,"554":0,"555":0,"557":0,"558":0,"559":0,"560":0,"562":0,"563":0,"564":0,"566":0,"567":0,"568":0,"569":0,"570":0,"572":0,"573":0,"574":0,"575":0,"576":0,"577":0,"578":0,"579":0,"581":0,"582":0,"583":0,"584":0,"585":0,"586":0,"587":0,"588":0,"589":0,"591":0,"592":0,"593":0,"594":0,"595":0,"597":0,"599":0,"600":0,"601":0,"602":0,"603":0,"604":0,"607":0,"610":0,"611":0,"612":0,"613":0,"614":0,"615":0,"616":0,"619":0,"620":0,"621":0,"622":0,"624":0,"625":0,"626":0,"629":0,"630":0,"631":0,"632":0,"633":0,"634":0,"635":0,"636":0,"638":0,"639":0,"640":0,"642":0,"643":0,"646":0,"647":0,"648":0,"649":0,"650":0,"651":0,"652":0,"655":0,"658":0,"659":0,"660":0,"661":0,"662":0,"665":0,"666":0,"667":0,"668":0,"669":0,"671":0,"672":0,"673":0,"674":0,"675":0,"677":0,"678":0,"679":0,"680":0,"682":0,"684":0,"685":0,"686":0,"688":0,"689":0,"690":0,"692":0,"694":0,"695":0,"696":0,"697":0,"698":0,"699":0,"700":0,"701":0,"702":0,"703":0,"704":0,"705":0,"706":0,"707":0,"708":0,"709":0,"711":0,"712":0,"713":0,"714":0,"715":0,"716":0,"717":0,"718":0,"719":0,"720":0,"722":0,"724":0,"726":0,"727":0,"729":11,"730":0,"731":0,"733":0,"734":0,"736":0,"737":0,"739":0,"740":0,"742":11,"743":3,"744":3,"745":3,"746":3,"747":3,"749":3,"750":3,"751":3,"753":3,"754":3,"755":3,"756":3,"758":3,"759":3,"760":3,"761":3,"763":3,"764":3,"765":3,"766":3,"767":3,"768":3,"769":3,"770":3,"771":3,"772":3,"773":3,"775":11,"776":2,"777":2,"778":2,"780":11,"781":4,"782":4,"783":4,"784":0,"785":4,"787":11,"788":0,"789":0,"790":0,"791":0,"792":0,"793":0,"794":0,"796":11,"797":6,"800":6,"801":0,"802":6,"804":6,"805":6,"808":6,"811":6,"812":6,"813":6,"816":6,"817":0,"818":0,"821":6,"822":0,"823":0,"826":6,"827":0,"828":0,"831":6,"832":0,"833":0,"836":6,"837":0,"838":0,"841":6,"842":0,"843":0,"844":6,"845":0,"846":0,"849":6,"850":0,"851":0,"852":6,"853":0,"854":0,"855":6,"856":0,"857":0,"860":6,"861":0,"862":0,"863":6,"864":0,"865":0,"868":6,"869":0,"870":0,"871":6,"872":0,"873":0,"874":6,"875":0,"876":0,"879":6,"880":6,"881":6,"882":6,"883":6,"884":6,"885":6,"887":0,"888":6,"889":11},"branchMap":{"0":{"type":"branch","line":19,"loc":{"start":{"line":19,"column":7},"end":{"line":890,"column":1}},"locations":[{"start":{"line":19,"column":7},"end":{"line":890,"column":1}}]},"1":{"type":"branch","line":24,"loc":{"start":{"line":24,"column":2},"end":{"line":40,"column":3}},"locations":[{"start":{"line":24,"column":2},"end":{"line":40,"column":3}}]},"2":{"type":"branch","line":39,"loc":{"start":{"line":39,"column":29},"end":{"line":39,"column":48}},"locations":[{"start":{"line":39,"column":29},"end":{"line":39,"column":48}}]},"3":{"type":"branch","line":42,"loc":{"start":{"line":42,"column":2},"end":{"line":59,"column":3}},"locations":[{"start":{"line":42,"column":2},"end":{"line":59,"column":3}}]},"4":{"type":"branch","line":46,"loc":{"start":{"line":46,"column":103},"end":{"line":48,"column":5}},"locations":[{"start":{"line":46,"column":103},"end":{"line":48,"column":5}}]},"5":{"type":"branch","line":50,"loc":{"start":{"line":50,"column":57},"end":{"line":58,"column":30}},"locations":[{"start":{"line":50,"column":57},"end":{"line":58,"column":30}}]},"6":{"type":"branch","line":117,"loc":{"start":{"line":117,"column":2},"end":{"line":131,"column":3}},"locations":[{"start":{"line":117,"column":2},"end":{"line":131,"column":3}}]},"7":{"type":"branch","line":124,"loc":{"start":{"line":124,"column":19},"end":{"line":124,"column":26}},"locations":[{"start":{"line":124,"column":19},"end":{"line":124,"column":26}}]},"8":{"type":"branch","line":126,"loc":{"start":{"line":126,"column":50},"end":{"line":126,"column":64}},"locations":[{"start":{"line":126,"column":50},"end":{"line":126,"column":64}}]},"9":{"type":"branch","line":128,"loc":{"start":{"line":128,"column":58},"end":{"line":130,"column":5}},"locations":[{"start":{"line":128,"column":58},"end":{"line":130,"column":5}}]},"10":{"type":"branch","line":133,"loc":{"start":{"line":133,"column":10},"end":{"line":217,"column":3}},"locations":[{"start":{"line":133,"column":10},"end":{"line":217,"column":3}}]},"11":{"type":"branch","line":135,"loc":{"start":{"line":135,"column":54},"end":{"line":146,"column":5}},"locations":[{"start":{"line":135,"column":54},"end":{"line":146,"column":5}}]},"12":{"type":"branch","line":149,"loc":{"start":{"line":149,"column":30},"end":{"line":160,"column":5}},"locations":[{"start":{"line":149,"column":30},"end":{"line":160,"column":5}}]},"13":{"type":"branch","line":162,"loc":{"start":{"line":162,"column":24},"end":{"line":162,"column":55}},"locations":[{"start":{"line":162,"column":24},"end":{"line":162,"column":55}}]},"14":{"type":"branch","line":168,"loc":{"start":{"line":168,"column":72},"end":{"line":168,"column":97}},"locations":[{"start":{"line":168,"column":72},"end":{"line":168,"column":97}}]},"15":{"type":"branch","line":174,"loc":{"start":{"line":174,"column":24},"end":{"line":182,"column":7}},"locations":[{"start":{"line":174,"column":24},"end":{"line":182,"column":7}}]},"16":{"type":"branch","line":184,"loc":{"start":{"line":184,"column":32},"end":{"line":184,"column":49}},"locations":[{"start":{"line":184,"column":32},"end":{"line":184,"column":49}}]},"17":{"type":"branch","line":187,"loc":{"start":{"line":187,"column":71},"end":{"line":197,"column":7}},"locations":[{"start":{"line":187,"column":71},"end":{"line":197,"column":7}}]},"18":{"type":"branch","line":189,"loc":{"start":{"line":189,"column":67},"end":{"line":189,"column":95}},"locations":[{"start":{"line":189,"column":67},"end":{"line":189,"column":95}}]},"19":{"type":"branch","line":198,"loc":{"start":{"line":198,"column":4},"end":{"line":216,"column":5}},"locations":[{"start":{"line":198,"column":4},"end":{"line":216,"column":5}}]},"20":{"type":"branch","line":219,"loc":{"start":{"line":219,"column":10},"end":{"line":268,"column":3}},"locations":[{"start":{"line":219,"column":10},"end":{"line":268,"column":3}}]},"21":{"type":"branch","line":220,"loc":{"start":{"line":220,"column":17},"end":{"line":220,"column":30}},"locations":[{"start":{"line":220,"column":17},"end":{"line":220,"column":30}}]},"22":{"type":"branch","line":222,"loc":{"start":{"line":222,"column":21},"end":{"line":225,"column":5}},"locations":[{"start":{"line":222,"column":21},"end":{"line":225,"column":5}}]},"23":{"type":"branch","line":228,"loc":{"start":{"line":228,"column":22},"end":{"line":231,"column":5}},"locations":[{"start":{"line":228,"column":22},"end":{"line":231,"column":5}}]},"24":{"type":"branch","line":233,"loc":{"start":{"line":233,"column":22},"end":{"line":240,"column":5}},"locations":[{"start":{"line":233,"column":22},"end":{"line":240,"column":5}}]},"25":{"type":"branch","line":242,"loc":{"start":{"line":242,"column":22},"end":{"line":245,"column":5}},"locations":[{"start":{"line":242,"column":22},"end":{"line":245,"column":5}}]},"26":{"type":"branch","line":248,"loc":{"start":{"line":248,"column":51},"end":{"line":254,"column":5}},"locations":[{"start":{"line":248,"column":51},"end":{"line":254,"column":5}}]},"27":{"type":"branch","line":257,"loc":{"start":{"line":257,"column":36},"end":{"line":259,"column":5}},"locations":[{"start":{"line":257,"column":36},"end":{"line":259,"column":5}}]},"28":{"type":"branch","line":263,"loc":{"start":{"line":263,"column":34},"end":{"line":265,"column":5}},"locations":[{"start":{"line":263,"column":34},"end":{"line":265,"column":5}}]},"29":{"type":"branch","line":270,"loc":{"start":{"line":270,"column":10},"end":{"line":305,"column":3}},"locations":[{"start":{"line":270,"column":10},"end":{"line":305,"column":3}}]},"30":{"type":"branch","line":272,"loc":{"start":{"line":272,"column":6},"end":{"line":275,"column":21}},"locations":[{"start":{"line":272,"column":6},"end":{"line":275,"column":21}}]},"31":{"type":"branch","line":273,"loc":{"start":{"line":273,"column":22},"end":{"line":274,"column":70}},"locations":[{"start":{"line":273,"column":22},"end":{"line":274,"column":70}}]},"32":{"type":"branch","line":276,"loc":{"start":{"line":276,"column":6},"end":{"line":276,"column":20}},"locations":[{"start":{"line":276,"column":6},"end":{"line":276,"column":20}}]},"33":{"type":"branch","line":277,"loc":{"start":{"line":277,"column":6},"end":{"line":280,"column":21}},"locations":[{"start":{"line":277,"column":6},"end":{"line":280,"column":21}}]},"34":{"type":"branch","line":278,"loc":{"start":{"line":278,"column":22},"end":{"line":279,"column":65}},"locations":[{"start":{"line":278,"column":22},"end":{"line":279,"column":65}}]},"35":{"type":"branch","line":281,"loc":{"start":{"line":281,"column":6},"end":{"line":282,"column":25}},"locations":[{"start":{"line":281,"column":6},"end":{"line":282,"column":25}}]},"36":{"type":"branch","line":283,"loc":{"start":{"line":283,"column":6},"end":{"line":284,"column":60}},"locations":[{"start":{"line":283,"column":6},"end":{"line":284,"column":60}}]},"37":{"type":"branch","line":285,"loc":{"start":{"line":285,"column":6},"end":{"line":301,"column":37}},"locations":[{"start":{"line":285,"column":6},"end":{"line":301,"column":37}}]},"38":{"type":"branch","line":302,"loc":{"start":{"line":302,"column":6},"end":{"line":303,"column":21}},"locations":[{"start":{"line":302,"column":6},"end":{"line":303,"column":21}}]},"39":{"type":"branch","line":362,"loc":{"start":{"line":362,"column":2},"end":{"line":444,"column":3}},"locations":[{"start":{"line":362,"column":2},"end":{"line":444,"column":3}}]},"40":{"type":"branch","line":383,"loc":{"start":{"line":383,"column":30},"end":{"line":389,"column":5}},"locations":[{"start":{"line":383,"column":30},"end":{"line":389,"column":5}}]},"41":{"type":"branch","line":398,"loc":{"start":{"line":398,"column":18},"end":{"line":398,"column":31}},"locations":[{"start":{"line":398,"column":18},"end":{"line":398,"column":31}}]},"42":{"type":"branch","line":398,"loc":{"start":{"line":398,"column":31},"end":{"line":400,"column":5}},"locations":[{"start":{"line":398,"column":31},"end":{"line":400,"column":5}}]},"43":{"type":"branch","line":401,"loc":{"start":{"line":401,"column":18},"end":{"line":401,"column":37}},"locations":[{"start":{"line":401,"column":18},"end":{"line":401,"column":37}}]},"44":{"type":"branch","line":401,"loc":{"start":{"line":401,"column":37},"end":{"line":404,"column":5}},"locations":[{"start":{"line":401,"column":37},"end":{"line":404,"column":5}}]},"45":{"type":"branch","line":405,"loc":{"start":{"line":405,"column":30},"end":{"line":409,"column":5}},"locations":[{"start":{"line":405,"column":30},"end":{"line":409,"column":5}}]},"46":{"type":"branch","line":435,"loc":{"start":{"line":435,"column":38},"end":{"line":435,"column":45}},"locations":[{"start":{"line":435,"column":38},"end":{"line":435,"column":45}}]},"47":{"type":"branch","line":439,"loc":{"start":{"line":439,"column":56},"end":{"line":443,"column":5}},"locations":[{"start":{"line":439,"column":56},"end":{"line":443,"column":5}}]},"48":{"type":"branch","line":446,"loc":{"start":{"line":446,"column":10},"end":{"line":492,"column":3}},"locations":[{"start":{"line":446,"column":10},"end":{"line":492,"column":3}}]},"49":{"type":"branch","line":449,"loc":{"start":{"line":449,"column":38},"end":{"line":449,"column":48}},"locations":[{"start":{"line":449,"column":38},"end":{"line":449,"column":48}}]},"50":{"type":"branch","line":452,"loc":{"start":{"line":452,"column":67},"end":{"line":489,"column":5}},"locations":[{"start":{"line":452,"column":67},"end":{"line":489,"column":5}}]},"51":{"type":"branch","line":533,"loc":{"start":{"line":533,"column":10},"end":{"line":551,"column":3}},"locations":[{"start":{"line":533,"column":10},"end":{"line":551,"column":3}}]},"52":{"type":"branch","line":536,"loc":{"start":{"line":536,"column":38},"end":{"line":536,"column":52}},"locations":[{"start":{"line":536,"column":38},"end":{"line":536,"column":52}}]},"53":{"type":"branch","line":538,"loc":{"start":{"line":538,"column":67},"end":{"line":548,"column":5}},"locations":[{"start":{"line":538,"column":67},"end":{"line":548,"column":5}}]},"54":{"type":"branch","line":743,"loc":{"start":{"line":743,"column":2},"end":{"line":774,"column":3}},"locations":[{"start":{"line":743,"column":2},"end":{"line":774,"column":3}}]},"55":{"type":"branch","line":776,"loc":{"start":{"line":776,"column":10},"end":{"line":779,"column":3}},"locations":[{"start":{"line":776,"column":10},"end":{"line":779,"column":3}}]},"56":{"type":"branch","line":778,"loc":{"start":{"line":778,"column":21},"end":{"line":778,"column":41}},"locations":[{"start":{"line":778,"column":21},"end":{"line":778,"column":41}}]},"57":{"type":"branch","line":781,"loc":{"start":{"line":781,"column":10},"end":{"line":786,"column":3}},"locations":[{"start":{"line":781,"column":10},"end":{"line":786,"column":3}}]},"58":{"type":"branch","line":784,"loc":{"start":{"line":784,"column":4},"end":{"line":785,"column":23}},"locations":[{"start":{"line":784,"column":4},"end":{"line":785,"column":23}}]},"59":{"type":"branch","line":797,"loc":{"start":{"line":797,"column":10},"end":{"line":889,"column":3}},"locations":[{"start":{"line":797,"column":10},"end":{"line":889,"column":3}}]},"60":{"type":"branch","line":801,"loc":{"start":{"line":801,"column":28},"end":{"line":803,"column":15}},"locations":[{"start":{"line":801,"column":28},"end":{"line":803,"column":15}}]},"61":{"type":"branch","line":817,"loc":{"start":{"line":817,"column":38},"end":{"line":819,"column":5}},"locations":[{"start":{"line":817,"column":38},"end":{"line":819,"column":5}}]},"62":{"type":"branch","line":822,"loc":{"start":{"line":822,"column":38},"end":{"line":824,"column":5}},"locations":[{"start":{"line":822,"column":38},"end":{"line":824,"column":5}}]},"63":{"type":"branch","line":827,"loc":{"start":{"line":827,"column":15},"end":{"line":827,"column":47}},"locations":[{"start":{"line":827,"column":15},"end":{"line":827,"column":47}}]},"64":{"type":"branch","line":827,"loc":{"start":{"line":827,"column":47},"end":{"line":829,"column":5}},"locations":[{"start":{"line":827,"column":47},"end":{"line":829,"column":5}}]},"65":{"type":"branch","line":832,"loc":{"start":{"line":832,"column":36},"end":{"line":834,"column":5}},"locations":[{"start":{"line":832,"column":36},"end":{"line":834,"column":5}}]},"66":{"type":"branch","line":837,"loc":{"start":{"line":837,"column":23},"end":{"line":839,"column":5}},"locations":[{"start":{"line":837,"column":23},"end":{"line":839,"column":5}}]},"67":{"type":"branch","line":842,"loc":{"start":{"line":842,"column":38},"end":{"line":844,"column":5}},"locations":[{"start":{"line":842,"column":38},"end":{"line":844,"column":5}}]},"68":{"type":"branch","line":845,"loc":{"start":{"line":845,"column":38},"end":{"line":847,"column":5}},"locations":[{"start":{"line":845,"column":38},"end":{"line":847,"column":5}}]},"69":{"type":"branch","line":850,"loc":{"start":{"line":850,"column":40},"end":{"line":852,"column":5}},"locations":[{"start":{"line":850,"column":40},"end":{"line":852,"column":5}}]},"70":{"type":"branch","line":853,"loc":{"start":{"line":853,"column":40},"end":{"line":855,"column":5}},"locations":[{"start":{"line":853,"column":40},"end":{"line":855,"column":5}}]},"71":{"type":"branch","line":856,"loc":{"start":{"line":856,"column":24},"end":{"line":858,"column":5}},"locations":[{"start":{"line":856,"column":24},"end":{"line":858,"column":5}}]},"72":{"type":"branch","line":861,"loc":{"start":{"line":861,"column":39},"end":{"line":863,"column":5}},"locations":[{"start":{"line":861,"column":39},"end":{"line":863,"column":5}}]},"73":{"type":"branch","line":864,"loc":{"start":{"line":864,"column":39},"end":{"line":866,"column":5}},"locations":[{"start":{"line":864,"column":39},"end":{"line":866,"column":5}}]},"74":{"type":"branch","line":869,"loc":{"start":{"line":869,"column":34},"end":{"line":871,"column":5}},"locations":[{"start":{"line":869,"column":34},"end":{"line":871,"column":5}}]},"75":{"type":"branch","line":872,"loc":{"start":{"line":872,"column":34},"end":{"line":874,"column":5}},"locations":[{"start":{"line":872,"column":34},"end":{"line":874,"column":5}}]},"76":{"type":"branch","line":875,"loc":{"start":{"line":875,"column":35},"end":{"line":877,"column":5}},"locations":[{"start":{"line":875,"column":35},"end":{"line":877,"column":5}}]},"77":{"type":"branch","line":880,"loc":{"start":{"line":880,"column":23},"end":{"line":880,"column":52}},"locations":[{"start":{"line":880,"column":23},"end":{"line":880,"column":52}}]},"78":{"type":"branch","line":886,"loc":{"start":{"line":886,"column":4},"end":{"line":888,"column":21}},"locations":[{"start":{"line":886,"column":4},"end":{"line":888,"column":21}}]}},"b":{"0":[11],"1":[11],"2":[10],"3":[4],"4":[1],"5":[3],"6":[3],"7":[0],"8":[0],"9":[2],"10":[2],"11":[0],"12":[0],"13":[0],"14":[0],"15":[0],"16":[0],"17":[4],"18":[0],"19":[0],"20":[4],"21":[0],"22":[0],"23":[0],"24":[0],"25":[0],"26":[0],"27":[0],"28":[0],"29":[4],"30":[2],"31":[0],"32":[2],"33":[2],"34":[0],"35":[0],"36":[0],"37":[0],"38":[0],"39":[3],"40":[0],"41":[1],"42":[1],"43":[1],"44":[0],"45":[1],"46":[0],"47":[0],"48":[3],"49":[0],"50":[0],"51":[3],"52":[0],"53":[0],"54":[3],"55":[2],"56":[2],"57":[4],"58":[0],"59":[6],"60":[0],"61":[0],"62":[0],"63":[0],"64":[0],"65":[0],"66":[0],"67":[0],"68":[0],"69":[0],"70":[0],"71":[0],"72":[0],"73":[0],"74":[0],"75":[0],"76":[0],"77":[0],"78":[0]},"fnMap":{"0":{"name":"<instance_members_initializer>","decl":{"start":{"line":19,"column":7},"end":{"line":890,"column":1}},"loc":{"start":{"line":19,"column":7},"end":{"line":890,"column":1}},"line":19},"1":{"name":"OpenAPIGenerator","decl":{"start":{"line":24,"column":2},"end":{"line":40,"column":3}},"loc":{"start":{"line":24,"column":2},"end":{"line":40,"column":3}},"line":24},"2":{"name":"generate","decl":{"start":{"line":42,"column":2},"end":{"line":59,"column":3}},"loc":{"start":{"line":42,"column":2},"end":{"line":59,"column":3}},"line":42},"3":{"name":"fetchFromUrl","decl":{"start":{"line":61,"column":2},"end":{"line":115,"column":3}},"loc":{"start":{"line":61,"column":2},"end":{"line":115,"column":3}},"line":61},"4":{"name":"generateTypes","decl":{"start":{"line":117,"column":2},"end":{"line":131,"column":3}},"loc":{"start":{"line":117,"column":2},"end":{"line":131,"column":3}},"line":117},"5":{"name":"generateTypeFromSchema","decl":{"start":{"line":133,"column":10},"end":{"line":217,"column":3}},"loc":{"start":{"line":133,"column":10},"end":{"line":217,"column":3}},"line":133},"6":{"name":"getTypeString","decl":{"start":{"line":219,"column":10},"end":{"line":268,"column":3}},"loc":{"start":{"line":219,"column":10},"end":{"line":268,"column":3}},"line":219},"7":{"name":"getBaseTypeString","decl":{"start":{"line":270,"column":10},"end":{"line":305,"column":3}},"loc":{"start":{"line":270,"column":10},"end":{"line":305,"column":3}},"line":270},"8":{"name":"getPrimitiveType","decl":{"start":{"line":307,"column":10},"end":{"line":325,"column":3}},"loc":{"start":{"line":307,"column":10},"end":{"line":325,"column":3}},"line":307},"9":{"name":"generateDiscriminatedUnion","decl":{"start":{"line":327,"column":10},"end":{"line":350,"column":3}},"loc":{"start":{"line":327,"column":10},"end":{"line":350,"column":3}},"line":327},"10":{"name":"handleConst","decl":{"start":{"line":352,"column":10},"end":{"line":360,"column":3}},"loc":{"start":{"line":352,"column":10},"end":{"line":360,"column":3}},"line":352},"11":{"name":"generateClient","decl":{"start":{"line":362,"column":2},"end":{"line":444,"column":3}},"loc":{"start":{"line":362,"column":2},"end":{"line":444,"column":3}},"line":362},"12":{"name":"collectUsedTypes","decl":{"start":{"line":446,"column":10},"end":{"line":492,"column":3}},"loc":{"start":{"line":446,"column":10},"end":{"line":492,"column":3}},"line":446},"13":{"name":"collectTypesFromSchema","decl":{"start":{"line":494,"column":10},"end":{"line":531,"column":3}},"loc":{"start":{"line":494,"column":10},"end":{"line":531,"column":3}},"line":494},"14":{"name":"groupPathsByTag","decl":{"start":{"line":533,"column":10},"end":{"line":551,"column":3}},"loc":{"start":{"line":533,"column":10},"end":{"line":551,"column":3}},"line":533},"15":{"name":"generateMethod","decl":{"start":{"line":553,"column":10},"end":{"line":728,"column":3}},"loc":{"start":{"line":553,"column":10},"end":{"line":728,"column":3}},"line":553},"16":{"name":"getResponseType","decl":{"start":{"line":730,"column":10},"end":{"line":741,"column":3}},"loc":{"start":{"line":730,"column":10},"end":{"line":741,"column":3}},"line":730},"17":{"name":"generateIndex","decl":{"start":{"line":743,"column":2},"end":{"line":774,"column":3}},"loc":{"start":{"line":743,"column":2},"end":{"line":774,"column":3}},"line":743},"18":{"name":"toTypeName","decl":{"start":{"line":776,"column":10},"end":{"line":779,"column":3}},"loc":{"start":{"line":776,"column":10},"end":{"line":779,"column":3}},"line":776},"19":{"name":"toPropertyName","decl":{"start":{"line":781,"column":10},"end":{"line":786,"column":3}},"loc":{"start":{"line":781,"column":10},"end":{"line":786,"column":3}},"line":781},"20":{"name":"toMethodName","decl":{"start":{"line":788,"column":10},"end":{"line":795,"column":3}},"loc":{"start":{"line":788,"column":10},"end":{"line":795,"column":3}},"line":788},"21":{"name":"generateJSDocComment","decl":{"start":{"line":797,"column":10},"end":{"line":889,"column":3}},"loc":{"start":{"line":797,"column":10},"end":{"line":889,"column":3}},"line":797}},"f":{"0":11,"1":11,"2":4,"3":0,"4":3,"5":2,"6":4,"7":4,"8":0,"9":0,"10":0,"11":3,"12":3,"13":0,"14":3,"15":0,"16":0,"17":3,"18":2,"19":4,"20":0,"21":6}},"/home/runner/work/openapi-to-ts/openapi-to-ts/src/index.ts":{"path":"/home/runner/work/openapi-to-ts/openapi-to-ts/src/index.ts","all":false,"statementMap":{"0":{"start":{"line":1,"column":0},"end":{"line":1,"column":47}},"3":{"start":{"line":4,"column":0},"end":{"line":4,"column":47}},"6":{"start":{"line":7,"column":0},"end":{"line":7,"column":82}},"7":{"start":{"line":8,"column":0},"end":{"line":8,"column":50}},"8":{"start":{"line":9,"column":0},"end":{"line":9,"column":29}},"9":{"start":{"line":10,"column":0},"end":{"line":10,"column":1}}},"s":{"0":1,"3":1,"6":3,"7":3,"8":3,"9":2},"branchMap":{"0":{"type":"branch","line":7,"loc":{"start":{"line":7,"column":0},"end":{"line":10,"column":1}},"locations":[{"start":{"line":7,"column":0},"end":{"line":10,"column":1}}]},"1":{"type":"branch","line":9,"loc":{"start":{"line":9,"column":27},"end":{"line":10,"column":1}},"locations":[{"start":{"line":9,"column":27},"end":{"line":10,"column":1}}]}},"b":{"0":[3],"1":[2]},"fnMap":{"0":{"name":"generateFromSpec","decl":{"start":{"line":7,"column":0},"end":{"line":10,"column":1}},"loc":{"start":{"line":7,"column":0},"end":{"line":10,"column":1}},"line":7}},"f":{"0":3}},"/home/runner/work/openapi-to-ts/openapi-to-ts/src/cli.ts":{"path":"/home/runner/work/openapi-to-ts/openapi-to-ts/src/cli.ts","all":true,"statementMap":{"2":{"start":{"line":3,"column":0},"end":{"line":3,"column":36}},"3":{"start":{"line":4,"column":0},"end":{"line":4,"column":46}},"4":{"start":{"line":5,"column":0},"end":{"line":5,"column":25}},"5":{"start":{"line":6,"column":0},"end":{"line":6,"column":29}},"6":{"start":{"line":7,"column":0},"end":{"line":7,"column":36}},"8":{"start":{"line":9,"column":0},"end":{"line":9,"column":50}},"9":{"start":{"line":10,"column":0},"end":{"line":10,"column":43}},"12":{"start":{"line":13,"column":0},"end":{"line":13,"column":67}},"13":{"start":{"line":14,"column":0},"end":{"line":14,"column":73}},"15":{"start":{"line":16,"column":0},"end":{"line":16,"column":30}},"17":{"start":{"line":18,"column":0},"end":{"line":18,"column":7}},"18":{"start":{"line":19,"column":0},"end":{"line":19,"column":22}},"19":{"start":{"line":20,"column":0},"end":{"line":20,"column":73}},"20":{"start":{"line":21,"column":0},"end":{"line":21,"column":32}},"22":{"start":{"line":23,"column":0},"end":{"line":23,"column":7}},"23":{"start":{"line":24,"column":0},"end":{"line":24,"column":22}},"24":{"start":{"line":25,"column":0},"end":{"line":25,"column":62}},"25":{"start":{"line":26,"column":0},"end":{"line":26,"column":81}},"26":{"start":{"line":27,"column":0},"end":{"line":27,"column":86}},"27":{"start":{"line":28,"column":0},"end":{"line":28,"column":80}},"28":{"start":{"line":29,"column":0},"end":{"line":29,"column":84}},"29":{"start":{"line":30,"column":0},"end":{"line":30,"column":93}},"30":{"start":{"line":31,"column":0},"end":{"line":31,"column":76}},"31":{"start":{"line":32,"column":0},"end":{"line":32,"column":44}},"32":{"start":{"line":33,"column":0},"end":{"line":33,"column":9}},"33":{"start":{"line":34,"column":0},"end":{"line":34,"column":53}},"34":{"start":{"line":35,"column":0},"end":{"line":35,"column":56}},"37":{"start":{"line":38,"column":0},"end":{"line":38,"column":78}},"39":{"start":{"line":40,"column":0},"end":{"line":40,"column":19}},"41":{"start":{"line":42,"column":0},"end":{"line":42,"column":35}},"42":{"start":{"line":43,"column":0},"end":{"line":43,"column":73}},"43":{"start":{"line":44,"column":0},"end":{"line":44,"column":26}},"44":{"start":{"line":45,"column":0},"end":{"line":45,"column":9}},"45":{"start":{"line":46,"column":0},"end":{"line":46,"column":7}},"48":{"start":{"line":49,"column":0},"end":{"line":49,"column":49}},"49":{"start":{"line":50,"column":0},"end":{"line":50,"column":118}},"50":{"start":{"line":51,"column":0},"end":{"line":51,"column":37}},"51":{"start":{"line":52,"column":0},"end":{"line":52,"column":45}},"52":{"start":{"line":53,"column":0},"end":{"line":53,"column":49}},"53":{"start":{"line":54,"column":0},"end":{"line":54,"column":34}},"54":{"start":{"line":55,"column":0},"end":{"line":55,"column":99}},"55":{"start":{"line":56,"column":0},"end":{"line":56,"column":28}},"56":{"start":{"line":57,"column":0},"end":{"line":57,"column":11}},"57":{"start":{"line":58,"column":0},"end":{"line":58,"column":62}},"58":{"start":{"line":59,"column":0},"end":{"line":59,"column":64}},"59":{"start":{"line":60,"column":0},"end":{"line":60,"column":32}},"60":{"start":{"line":61,"column":0},"end":{"line":61,"column":9}},"61":{"start":{"line":62,"column":0},"end":{"line":62,"column":7}},"64":{"start":{"line":65,"column":0},"end":{"line":65,"column":58}},"65":{"start":{"line":66,"column":0},"end":{"line":66,"column":53}},"67":{"start":{"line":68,"column":0},"end":{"line":68,"column":49}},"68":{"start":{"line":69,"column":0},"end":{"line":69,"column":53}},"69":{"start":{"line":70,"column":0},"end":{"line":70,"column":113}},"70":{"start":{"line":71,"column":0},"end":{"line":71,"column":7}},"71":{"start":{"line":72,"column":0},"end":{"line":72,"column":55}},"72":{"start":{"line":73,"column":0},"end":{"line":73,"column":58}},"73":{"start":{"line":74,"column":0},"end":{"line":74,"column":68}},"75":{"start":{"line":76,"column":0},"end":{"line":76,"column":27}},"76":{"start":{"line":77,"column":0},"end":{"line":77,"column":68}},"77":{"start":{"line":78,"column":0},"end":{"line":78,"column":39}},"78":{"start":{"line":79,"column":0},"end":{"line":79,"column":71}},"79":{"start":{"line":80,"column":0},"end":{"line":80,"column":69}},"80":{"start":{"line":81,"column":0},"end":{"line":81,"column":78}},"81":{"start":{"line":82,"column":0},"end":{"line":82,"column":15}},"82":{"start":{"line":83,"column":0},"end":{"line":83,"column":7}},"85":{"start":{"line":86,"column":0},"end":{"line":86,"column":30}},"86":{"start":{"line":87,"column":0},"end":{"line":87,"column":18}},"87":{"start":{"line":88,"column":0},"end":{"line":88,"column":18}},"88":{"start":{"line":89,"column":0},"end":{"line":89,"column":37}},"89":{"start":{"line":90,"column":0},"end":{"line":90,"column":49}},"90":{"start":{"line":91,"column":0},"end":{"line":91,"column":70}},"91":{"start":{"line":92,"column":0},"end":{"line":92,"column":9}},"93":{"start":{"line":94,"column":0},"end":{"line":94,"column":60}},"94":{"start":{"line":95,"column":0},"end":{"line":95,"column":38}},"95":{"start":{"line":96,"column":0},"end":{"line":96,"column":78}},"96":{"start":{"line":97,"column":0},"end":{"line":97,"column":79}},"97":{"start":{"line":98,"column":0},"end":{"line":98,"column":80}},"99":{"start":{"line":100,"column":0},"end":{"line":100,"column":28}},"100":{"start":{"line":101,"column":0},"end":{"line":101,"column":35}},"101":{"start":{"line":102,"column":0},"end":{"line":102,"column":96}},"102":{"start":{"line":103,"column":0},"end":{"line":103,"column":22}},"103":{"start":{"line":104,"column":0},"end":{"line":104,"column":77}},"104":{"start":{"line":105,"column":0},"end":{"line":105,"column":65}},"105":{"start":{"line":106,"column":0},"end":{"line":106,"column":25}},"107":{"start":{"line":108,"column":0},"end":{"line":108,"column":26}},"108":{"start":{"line":109,"column":0},"end":{"line":109,"column":46}},"109":{"start":{"line":110,"column":0},"end":{"line":110,"column":45}},"111":{"start":{"line":112,"column":0},"end":{"line":112,"column":24}},"112":{"start":{"line":113,"column":0},"end":{"line":113,"column":38}},"113":{"start":{"line":114,"column":0},"end":{"line":114,"column":35}},"114":{"start":{"line":115,"column":0},"end":{"line":115,"column":7}},"116":{"start":{"line":117,"column":0},"end":{"line":117,"column":22}},"117":{"start":{"line":118,"column":0},"end":{"line":118,"column":5}},"118":{"start":{"line":119,"column":0},"end":{"line":119,"column":5}},"120":{"start":{"line":121,"column":0},"end":{"line":121,"column":7}},"121":{"start":{"line":122,"column":0},"end":{"line":122,"column":18}},"122":{"start":{"line":123,"column":0},"end":{"line":123,"column":65}},"123":{"start":{"line":124,"column":0},"end":{"line":124,"column":66}},"124":{"start":{"line":125,"column":0},"end":{"line":125,"column":93}},"125":{"start":{"line":126,"column":0},"end":{"line":126,"column":44}},"126":{"start":{"line":127,"column":0},"end":{"line":127,"column":9}},"128":{"start":{"line":129,"column":0},"end":{"line":129,"column":78}},"130":{"start":{"line":131,"column":0},"end":{"line":131,"column":43}},"131":{"start":{"line":132,"column":0},"end":{"line":132,"column":71}},"132":{"start":{"line":133,"column":0},"end":{"line":133,"column":24}},"133":{"start":{"line":134,"column":0},"end":{"line":134,"column":7}},"136":{"start":{"line":137,"column":0},"end":{"line":137,"column":49}},"137":{"start":{"line":138,"column":0},"end":{"line":138,"column":18}},"138":{"start":{"line":139,"column":0},"end":{"line":139,"column":120}},"139":{"start":{"line":140,"column":0},"end":{"line":140,"column":39}},"140":{"start":{"line":141,"column":0},"end":{"line":141,"column":47}},"141":{"start":{"line":142,"column":0},"end":{"line":142,"column":51}},"142":{"start":{"line":143,"column":0},"end":{"line":143,"column":36}},"143":{"start":{"line":144,"column":0},"end":{"line":144,"column":101}},"144":{"start":{"line":145,"column":0},"end":{"line":145,"column":30}},"145":{"start":{"line":146,"column":0},"end":{"line":146,"column":13}},"146":{"start":{"line":147,"column":0},"end":{"line":147,"column":64}},"147":{"start":{"line":148,"column":0},"end":{"line":148,"column":66}},"148":{"start":{"line":149,"column":0},"end":{"line":149,"column":34}},"149":{"start":{"line":150,"column":0},"end":{"line":150,"column":11}},"150":{"start":{"line":151,"column":0},"end":{"line":151,"column":9}},"151":{"start":{"line":152,"column":0},"end":{"line":152,"column":7}},"154":{"start":{"line":155,"column":0},"end":{"line":155,"column":82}},"156":{"start":{"line":157,"column":0},"end":{"line":157,"column":44}},"157":{"start":{"line":158,"column":0},"end":{"line":158,"column":18}},"159":{"start":{"line":160,"column":0},"end":{"line":160,"column":68}},"160":{"start":{"line":161,"column":0},"end":{"line":161,"column":92}},"161":{"start":{"line":162,"column":0},"end":{"line":162,"column":51}},"162":{"start":{"line":163,"column":0},"end":{"line":163,"column":72}},"163":{"start":{"line":164,"column":0},"end":{"line":164,"column":7}},"165":{"start":{"line":166,"column":0},"end":{"line":166,"column":69}},"167":{"start":{"line":168,"column":0},"end":{"line":168,"column":51}},"168":{"start":{"line":169,"column":0},"end":{"line":169,"column":53}},"170":{"start":{"line":171,"column":0},"end":{"line":171,"column":49}},"171":{"start":{"line":172,"column":0},"end":{"line":172,"column":53}},"172":{"start":{"line":173,"column":0},"end":{"line":173,"column":71}},"173":{"start":{"line":174,"column":0},"end":{"line":174,"column":58}},"175":{"start":{"line":176,"column":0},"end":{"line":176,"column":50}},"176":{"start":{"line":177,"column":0},"end":{"line":177,"column":37}},"177":{"start":{"line":178,"column":0},"end":{"line":178,"column":61}},"178":{"start":{"line":179,"column":0},"end":{"line":179,"column":111}},"179":{"start":{"line":180,"column":0},"end":{"line":180,"column":11}},"180":{"start":{"line":181,"column":0},"end":{"line":181,"column":24}},"181":{"start":{"line":182,"column":0},"end":{"line":182,"column":7}},"183":{"start":{"line":184,"column":0},"end":{"line":184,"column":49}},"184":{"start":{"line":185,"column":0},"end":{"line":185,"column":59}},"185":{"start":{"line":186,"column":0},"end":{"line":186,"column":51}},"186":{"start":{"line":187,"column":0},"end":{"line":187,"column":31}},"187":{"start":{"line":188,"column":0},"end":{"line":188,"column":66}},"188":{"start":{"line":189,"column":0},"end":{"line":189,"column":84}},"189":{"start":{"line":190,"column":0},"end":{"line":190,"column":12}},"190":{"start":{"line":191,"column":0},"end":{"line":191,"column":74}},"191":{"start":{"line":192,"column":0},"end":{"line":192,"column":11}},"192":{"start":{"line":193,"column":0},"end":{"line":193,"column":37}},"193":{"start":{"line":194,"column":0},"end":{"line":194,"column":91}},"194":{"start":{"line":195,"column":0},"end":{"line":195,"column":7}},"195":{"start":{"line":196,"column":0},"end":{"line":196,"column":22}},"197":{"start":{"line":198,"column":0},"end":{"line":198,"column":74}},"198":{"start":{"line":199,"column":0},"end":{"line":199,"column":64}},"199":{"start":{"line":200,"column":0},"end":{"line":200,"column":55}},"200":{"start":{"line":201,"column":0},"end":{"line":201,"column":48}},"201":{"start":{"line":202,"column":0},"end":{"line":202,"column":39}},"202":{"start":{"line":203,"column":0},"end":{"line":203,"column":97}},"203":{"start":{"line":204,"column":0},"end":{"line":204,"column":7}},"205":{"start":{"line":206,"column":0},"end":{"line":206,"column":26}},"206":{"start":{"line":207,"column":0},"end":{"line":207,"column":60}},"207":{"start":{"line":208,"column":0},"end":{"line":208,"column":43}},"208":{"start":{"line":209,"column":0},"end":{"line":209,"column":22}},"209":{"start":{"line":210,"column":0},"end":{"line":210,"column":5}},"210":{"start":{"line":211,"column":0},"end":{"line":211,"column":5}},"212":{"start":{"line":213,"column":0},"end":{"line":213,"column":7}},"213":{"start":{"line":214,"column":0},"end":{"line":214,"column":22}},"214":{"start":{"line":215,"column":0},"end":{"line":215,"column":37}},"215":{"start":{"line":216,"column":0},"end":{"line":216,"column":17}},"216":{"start":{"line":217,"column":0},"end":{"line":217,"column":49}},"217":{"start":{"line":218,"column":0},"end":{"line":218,"column":51}},"219":{"start":{"line":220,"column":0},"end":{"line":220,"column":40}},"220":{"start":{"line":221,"column":0},"end":{"line":221,"column":56}},"222":{"start":{"line":223,"column":0},"end":{"line":223,"column":41}},"223":{"start":{"line":224,"column":0},"end":{"line":224,"column":82}},"225":{"start":{"line":226,"column":0},"end":{"line":226,"column":61}},"226":{"start":{"line":227,"column":0},"end":{"line":227,"column":83}},"227":{"start":{"line":228,"column":0},"end":{"line":228,"column":65}},"228":{"start":{"line":229,"column":0},"end":{"line":229,"column":55}},"230":{"start":{"line":231,"column":0},"end":{"line":231,"column":47}},"231":{"start":{"line":232,"column":0},"end":{"line":232,"column":69}},"233":{"start":{"line":234,"column":0},"end":{"line":234,"column":42}},"234":{"start":{"line":235,"column":0},"end":{"line":235,"column":65}},"236":{"start":{"line":237,"column":0},"end":{"line":237,"column":36}},"237":{"start":{"line":238,"column":0},"end":{"line":238,"column":57}},"238":{"start":{"line":239,"column":0},"end":{"line":239,"column":52}},"239":{"start":{"line":240,"column":0},"end":{"line":240,"column":49}},"240":{"start":{"line":241,"column":0},"end":{"line":241,"column":56}},"242":{"start":{"line":243,"column":0},"end":{"line":243,"column":41}},"243":{"start":{"line":244,"column":0},"end":{"line":244,"column":66}},"245":{"start":{"line":246,"column":0},"end":{"line":246,"column":40}},"246":{"start":{"line":247,"column":0},"end":{"line":247,"column":50}},"247":{"start":{"line":248,"column":0},"end":{"line":248,"column":78}},"249":{"start":{"line":250,"column":0},"end":{"line":250,"column":28}},"250":{"start":{"line":251,"column":0},"end":{"line":251,"column":66}},"251":{"start":{"line":252,"column":0},"end":{"line":252,"column":63}},"252":{"start":{"line":253,"column":0},"end":{"line":253,"column":60}},"253":{"start":{"line":254,"column":0},"end":{"line":254,"column":69}},"254":{"start":{"line":255,"column":0},"end":{"line":255,"column":64}},"255":{"start":{"line":256,"column":0},"end":{"line":256,"column":5}},"258":{"start":{"line":259,"column":0},"end":{"line":259,"column":16}}},"s":{"2":0,"3":0,"4":0,"5":0,"6":0,"8":0,"9":0,"12":0,"13":0,"15":0,"17":0,"18":0,"19":0,"20":0,"22":0,"23":0,"24":0,"25":0,"26":0,"27":0,"28":0,"29":0,"30":0,"31":0,"32":0,"33":0,"34":0,"37":0,"39":0,"41":0,"42":0,"43":0,"44":0,"45":0,"48":0,"49":0,"50":0,"51":0,"52":0,"53":0,"54":0,"55":0,"56":0,"57":0,"58":0,"59":0,"60":0,"61":0,"64":0,"65":0,"67":0,"68":0,"69":0,"70":0,"71":0,"72":0,"73":0,"75":0,"76":0,"77":0,"78":0,"79":0,"80":0,"81":0,"82":0,"85":0,"86":0,"87":0,"88":0,"89":0,"90":0,"91":0,"93":0,"94":0,"95":0,"96":0,"97":0,"99":0,"100":0,"101":0,"102":0,"103":0,"104":0,"105":0,"107":0,"108":0,"109":0,"111":0,"112":0,"113":0,"114":0,"116":0,"117":0,"118":0,"120":0,"121":0,"122":0,"123":0,"124":0,"125":0,"126":0,"128":0,"130":0,"131":0,"132":0,"133":0,"136":0,"137":0,"138":0,"139":0,"140":0,"141":0,"142":0,"143":0,"144":0,"145":0,"146":0,"147":0,"148":0,"149":0,"150":0,"151":0,"154":0,"156":0,"157":0,"159":0,"160":0,"161":0,"162":0,"163":0,"165":0,"167":0,"168":0,"170":0,"171":0,"172":0,"173":0,"175":0,"176":0,"177":0,"178":0,"179":0,"180":0,"181":0,"183":0,"184":0,"185":0,"186":0,"187":0,"188":0,"189":0,"190":0,"191":0,"192":0,"193":0,"194":0,"195":0,"197":0,"198":0,"199":0,"200":0,"201":0,"202":0,"203":0,"205":0,"206":0,"207":0,"208":0,"209":0,"210":0,"212":0,"213":0,"214":0,"215":0,"216":0,"217":0,"219":0,"220":0,"222":0,"223":0,"225":0,"226":0,"227":0,"228":0,"230":0,"231":0,"233":0,"234":0,"236":0,"237":0,"238":0,"239":0,"240":0,"242":0,"243":0,"245":0,"246":0,"247":0,"249":0,"250":0,"251":0,"252":0,"253":0,"254":0,"255":0,"258":0},"branchMap":{"0":{"type":"branch","line":1,"loc":{"start":{"line":1,"column":10250},"end":{"line":259,"column":16}},"locations":[{"start":{"line":1,"column":10250},"end":{"line":259,"column":16}}]}},"b":{"0":[1]},"fnMap":{"0":{"name":"(empty-report)","decl":{"start":{"line":1,"column":10250},"end":{"line":259,"column":16}},"loc":{"start":{"line":1,"column":10250},"end":{"line":259,"column":16}},"line":1}},"f":{"0":1}}}}