TN:
SF:src/cli.ts
FN:1,(empty-report)
FNF:1
FNH:1
FNDA:1,(empty-report)
DA:3,0
DA:4,0
DA:5,0
DA:6,0
DA:7,0
DA:9,0
DA:10,0
DA:13,0
DA:14,0
DA:16,0
DA:18,0
DA:19,0
DA:20,0
DA:21,0
DA:23,0
DA:24,0
DA:25,0
DA:26,0
DA:27,0
DA:28,0
DA:29,0
DA:30,0
DA:31,0
DA:32,0
DA:33,0
DA:34,0
DA:35,0
DA:38,0
DA:40,0
DA:42,0
DA:43,0
DA:44,0
DA:45,0
DA:46,0
DA:49,0
DA:50,0
DA:51,0
DA:52,0
DA:53,0
DA:54,0
DA:55,0
DA:56,0
DA:57,0
DA:58,0
DA:59,0
DA:60,0
DA:61,0
DA:62,0
DA:65,0
DA:66,0
DA:68,0
DA:69,0
DA:70,0
DA:71,0
DA:72,0
DA:73,0
DA:74,0
DA:76,0
DA:77,0
DA:78,0
DA:79,0
DA:80,0
DA:81,0
DA:82,0
DA:83,0
DA:86,0
DA:87,0
DA:88,0
DA:89,0
DA:90,0
DA:91,0
DA:92,0
DA:94,0
DA:95,0
DA:96,0
DA:97,0
DA:98,0
DA:100,0
DA:101,0
DA:102,0
DA:103,0
DA:104,0
DA:105,0
DA:106,0
DA:108,0
DA:109,0
DA:110,0
DA:112,0
DA:113,0
DA:114,0
DA:115,0
DA:117,0
DA:118,0
DA:119,0
DA:121,0
DA:122,0
DA:123,0
DA:124,0
DA:125,0
DA:126,0
DA:127,0
DA:129,0
DA:131,0
DA:132,0
DA:133,0
DA:134,0
DA:137,0
DA:138,0
DA:139,0
DA:140,0
DA:141,0
DA:142,0
DA:143,0
DA:144,0
DA:145,0
DA:146,0
DA:147,0
DA:148,0
DA:149,0
DA:150,0
DA:151,0
DA:152,0
DA:155,0
DA:157,0
DA:158,0
DA:160,0
DA:161,0
DA:162,0
DA:163,0
DA:164,0
DA:166,0
DA:168,0
DA:169,0
DA:171,0
DA:172,0
DA:173,0
DA:174,0
DA:176,0
DA:177,0
DA:178,0
DA:179,0
DA:180,0
DA:181,0
DA:182,0
DA:184,0
DA:185,0
DA:186,0
DA:187,0
DA:188,0
DA:189,0
DA:190,0
DA:191,0
DA:192,0
DA:193,0
DA:194,0
DA:195,0
DA:196,0
DA:198,0
DA:199,0
DA:200,0
DA:201,0
DA:202,0
DA:203,0
DA:204,0
DA:206,0
DA:207,0
DA:208,0
DA:209,0
DA:210,0
DA:211,0
DA:213,0
DA:214,0
DA:215,0
DA:216,0
DA:217,0
DA:218,0
DA:220,0
DA:221,0
DA:223,0
DA:224,0
DA:226,0
DA:227,0
DA:228,0
DA:229,0
DA:231,0
DA:232,0
DA:234,0
DA:235,0
DA:237,0
DA:238,0
DA:239,0
DA:240,0
DA:241,0
DA:243,0
DA:244,0
DA:246,0
DA:247,0
DA:248,0
DA:250,0
DA:251,0
DA:252,0
DA:253,0
DA:254,0
DA:255,0
DA:256,0
DA:259,0
LF:206
LH:0
BRDA:1,0,0,1
BRF:1
BRH:1
end_of_record
TN:
SF:src/generator.ts
FN:19,<instance_members_initializer>
FN:24,OpenAPIGenerator
FN:42,generate
FN:61,fetchFromUrl
FN:117,generateTypes
FN:133,generateTypeFromSchema
FN:219,getTypeString
FN:270,getBaseTypeString
FN:307,getPrimitiveType
FN:327,generateDiscriminatedUnion
FN:352,handleConst
FN:362,generateClient
FN:446,collectUsedTypes
FN:494,collectTypesFromSchema
FN:533,groupPathsByTag
FN:553,generateMethod
FN:730,getResponseType
FN:743,generateIndex
FN:776,toTypeName
FN:781,toPropertyName
FN:788,toMethodName
FN:797,generateJSDocComment
FNF:22
FNH:14
FNDA:11,<instance_members_initializer>
FNDA:11,OpenAPIGenerator
FNDA:4,generate
FNDA:0,fetchFromUrl
FNDA:3,generateTypes
FNDA:2,generateTypeFromSchema
FNDA:4,getTypeString
FNDA:4,getBaseTypeString
FNDA:0,getPrimitiveType
FNDA:0,generateDiscriminatedUnion
FNDA:0,handleConst
FNDA:3,generateClient
FNDA:3,collectUsedTypes
FNDA:0,collectTypesFromSchema
FNDA:3,groupPathsByTag
FNDA:0,generateMethod
FNDA:0,getResponseType
FNDA:3,generateIndex
FNDA:2,toTypeName
FNDA:4,toPropertyName
FNDA:0,toMethodName
FNDA:6,generateJSDocComment
DA:1,1
DA:2,1
DA:3,1
DA:4,1
DA:6,1
DA:7,1
DA:19,1
DA:20,11
DA:21,11
DA:22,11
DA:24,11
DA:25,11
DA:26,11
DA:27,11
DA:28,11
DA:29,11
DA:30,11
DA:31,11
DA:32,11
DA:33,11
DA:34,11
DA:35,11
DA:36,11
DA:37,11
DA:38,11
DA:39,11
DA:40,11
DA:42,11
DA:43,4
DA:46,4
DA:47,1
DA:48,1
DA:50,4
DA:52,3
DA:54,3
DA:55,3
DA:56,3
DA:58,3
DA:59,4
DA:61,11
DA:62,0
DA:63,0
DA:65,0
DA:66,0
DA:67,0
DA:68,0
DA:69,0
DA:70,0
DA:72,0
DA:73,0
DA:75,0
DA:76,0
DA:77,0
DA:79,0
DA:80,0
DA:81,0
DA:82,0
DA:84,0
DA:85,0
DA:86,0
DA:87,0
DA:89,0
DA:90,0
DA:92,0
DA:93,0
DA:94,0
DA:95,0
DA:97,0
DA:98,0
DA:99,0
DA:100,0
DA:101,0
DA:102,0
DA:103,0
DA:104,0
DA:106,0
DA:107,0
DA:108,0
DA:110,0
DA:111,0
DA:112,0
DA:113,0
DA:114,0
DA:115,0
DA:117,11
DA:118,3
DA:119,3
DA:120,3
DA:121,3
DA:122,3
DA:124,3
DA:126,3
DA:128,3
DA:129,2
DA:130,2
DA:131,3
DA:133,11
DA:135,2
DA:136,0
DA:137,0
DA:139,0
DA:140,0
DA:141,0
DA:142,0
DA:143,0
DA:144,0
DA:145,0
DA:146,0
DA:149,2
DA:150,0
DA:151,0
DA:153,0
DA:154,0
DA:155,0
DA:156,0
DA:157,0
DA:158,0
DA:159,0
DA:160,0
DA:162,2
DA:163,2
DA:164,2
DA:165,2
DA:166,2
DA:168,2
DA:169,2
DA:170,2
DA:171,2
DA:174,2
DA:175,0
DA:176,0
DA:177,0
DA:179,0
DA:180,0
DA:181,0
DA:182,0
DA:184,2
DA:185,2
DA:187,2
DA:188,4
DA:189,4
DA:191,4
DA:192,4
DA:193,4
DA:194,4
DA:195,4
DA:196,4
DA:197,4
DA:198,2
DA:199,0
DA:201,0
DA:202,0
DA:203,0
DA:204,0
DA:205,0
DA:206,0
DA:207,0
DA:208,0
DA:210,0
DA:211,0
DA:212,0
DA:213,0
DA:214,0
DA:215,0
DA:216,0
DA:217,2
DA:219,11
DA:220,4
DA:222,4
DA:223,0
DA:224,0
DA:225,0
DA:228,4
DA:229,0
DA:230,0
DA:231,0
DA:233,4
DA:234,0
DA:236,0
DA:237,0
DA:238,0
DA:239,0
DA:240,0
DA:242,4
DA:243,0
DA:244,0
DA:245,0
DA:248,4
DA:249,0
DA:250,0
DA:251,0
DA:252,0
DA:253,0
DA:254,0
DA:257,4
DA:258,0
DA:259,0
DA:262,4
DA:263,4
DA:264,0
DA:265,0
DA:267,4
DA:268,4
DA:270,11
DA:271,4
DA:272,4
DA:273,2
DA:274,0
DA:275,2
DA:276,4
DA:277,4
DA:278,2
DA:279,0
DA:280,2
DA:281,4
DA:282,0
DA:283,4
DA:284,0
DA:285,4
DA:286,0
DA:288,0
DA:289,0
DA:290,0
DA:291,0
DA:292,0
DA:293,0
DA:294,0
DA:295,0
DA:296,0
DA:297,0
DA:298,0
DA:299,0
DA:300,0
DA:301,0
DA:302,4
DA:303,0
DA:304,4
DA:305,4
DA:307,11
DA:308,0
DA:309,0
DA:310,0
DA:311,0
DA:312,0
DA:313,0
DA:314,0
DA:315,0
DA:316,0
DA:317,0
DA:318,0
DA:319,0
DA:320,0
DA:321,0
DA:322,0
DA:323,0
DA:324,0
DA:325,0
DA:327,11
DA:328,0
DA:329,0
DA:330,0
DA:331,0
DA:334,0
DA:335,0
DA:336,0
DA:337,0
DA:339,0
DA:340,0
DA:341,0
DA:342,0
DA:343,0
DA:344,0
DA:345,0
DA:346,0
DA:347,0
DA:349,0
DA:350,0
DA:352,11
DA:353,0
DA:354,0
DA:355,0
DA:356,0
DA:357,0
DA:358,0
DA:359,0
DA:360,0
DA:362,11
DA:363,3
DA:364,3
DA:365,3
DA:366,3
DA:367,3
DA:369,3
DA:370,3
DA:371,3
DA:372,3
DA:373,3
DA:375,3
DA:376,3
DA:377,3
DA:378,3
DA:381,3
DA:383,3
DA:384,0
DA:385,0
DA:386,0
DA:387,0
DA:388,0
DA:389,0
DA:391,3
DA:392,3
DA:393,3
DA:394,3
DA:397,3
DA:398,3
DA:399,1
DA:400,1
DA:401,3
DA:402,0
DA:403,0
DA:404,0
DA:405,3
DA:406,1
DA:407,1
DA:408,1
DA:409,1
DA:411,3
DA:412,3
DA:413,3
DA:414,3
DA:415,3
DA:416,3
DA:418,3
DA:419,3
DA:420,3
DA:421,3
DA:422,3
DA:423,3
DA:424,3
DA:425,3
DA:426,3
DA:427,3
DA:428,3
DA:429,3
DA:430,3
DA:431,3
DA:432,3
DA:433,3
DA:435,3
DA:437,3
DA:439,3
DA:440,0
DA:441,0
DA:442,0
DA:443,0
DA:444,3
DA:446,11
DA:447,3
DA:449,3
DA:452,3
DA:453,0
DA:454,0
DA:455,0
DA:456,0
DA:459,0
DA:460,0
DA:461,0
DA:462,0
DA:463,0
DA:464,0
DA:467,0
DA:468,0
DA:469,0
DA:470,0
DA:471,0
DA:472,0
DA:473,0
DA:476,0
DA:477,0
DA:478,0
DA:479,0
DA:480,0
DA:481,0
DA:482,0
DA:483,0
DA:484,0
DA:485,0
DA:486,0
DA:487,0
DA:488,0
DA:489,0
DA:491,3
DA:492,3
DA:494,11
DA:495,0
DA:498,0
DA:499,0
DA:500,0
DA:501,0
DA:502,0
DA:503,0
DA:504,0
DA:507,0
DA:508,0
DA:509,0
DA:510,0
DA:511,0
DA:512,0
DA:513,0
DA:516,0
DA:517,0
DA:518,0
DA:521,0
DA:522,0
DA:523,0
DA:524,0
DA:525,0
DA:528,0
DA:529,0
DA:530,0
DA:531,0
DA:533,11
DA:534,3
DA:536,3
DA:538,3
DA:539,0
DA:540,0
DA:541,0
DA:542,0
DA:543,0
DA:544,0
DA:545,0
DA:546,0
DA:547,0
DA:548,0
DA:550,3
DA:551,3
DA:553,11
DA:554,0
DA:555,0
DA:556,0
DA:558,0
DA:559,0
DA:560,0
DA:561,0
DA:563,0
DA:564,0
DA:565,0
DA:567,0
DA:568,0
DA:569,0
DA:570,0
DA:571,0
DA:573,0
DA:574,0
DA:575,0
DA:576,0
DA:577,0
DA:578,0
DA:579,0
DA:580,0
DA:582,0
DA:583,0
DA:584,0
DA:585,0
DA:586,0
DA:587,0
DA:588,0
DA:589,0
DA:590,0
DA:592,0
DA:593,0
DA:594,0
DA:595,0
DA:596,0
DA:598,0
DA:600,0
DA:601,0
DA:602,0
DA:603,0
DA:604,0
DA:605,0
DA:608,0
DA:611,0
DA:612,0
DA:613,0
DA:614,0
DA:615,0
DA:616,0
DA:617,0
DA:620,0
DA:621,0
DA:622,0
DA:623,0
DA:625,0
DA:626,0
DA:627,0
DA:630,0
DA:631,0
DA:632,0
DA:633,0
DA:634,0
DA:635,0
DA:636,0
DA:637,0
DA:639,0
DA:640,0
DA:641,0
DA:643,0
DA:644,0
DA:647,0
DA:648,0
DA:649,0
DA:650,0
DA:651,0
DA:652,0
DA:653,0
DA:656,0
DA:659,0
DA:660,0
DA:661,0
DA:662,0
DA:663,0
DA:666,0
DA:667,0
DA:668,0
DA:669,0
DA:670,0
DA:672,0
DA:673,0
DA:674,0
DA:675,0
DA:676,0
DA:678,0
DA:679,0
DA:680,0
DA:681,0
DA:683,0
DA:685,0
DA:686,0
DA:687,0
DA:689,0
DA:690,0
DA:691,0
DA:693,0
DA:695,0
DA:696,0
DA:697,0
DA:698,0
DA:699,0
DA:700,0
DA:701,0
DA:702,0
DA:703,0
DA:704,0
DA:705,0
DA:706,0
DA:707,0
DA:708,0
DA:709,0
DA:710,0
DA:712,0
DA:713,0
DA:714,0
DA:715,0
DA:716,0
DA:717,0
DA:718,0
DA:719,0
DA:720,0
DA:721,0
DA:723,0
DA:725,0
DA:727,0
DA:728,0
DA:730,11
DA:731,0
DA:732,0
DA:734,0
DA:735,0
DA:737,0
DA:738,0
DA:740,0
DA:741,0
DA:743,11
DA:744,3
DA:745,3
DA:746,3
DA:747,3
DA:748,3
DA:750,3
DA:751,3
DA:752,3
DA:754,3
DA:755,3
DA:756,3
DA:757,3
DA:759,3
DA:760,3
DA:761,3
DA:762,3
DA:764,3
DA:765,3
DA:766,3
DA:767,3
DA:768,3
DA:769,3
DA:770,3
DA:771,3
DA:772,3
DA:773,3
DA:774,3
DA:776,11
DA:777,2
DA:778,2
DA:779,2
DA:781,11
DA:782,4
DA:783,4
DA:784,4
DA:785,0
DA:786,4
DA:788,11
DA:789,0
DA:790,0
DA:791,0
DA:792,0
DA:793,0
DA:794,0
DA:795,0
DA:797,11
DA:798,6
DA:801,6
DA:802,0
DA:803,6
DA:805,6
DA:806,6
DA:809,6
DA:812,6
DA:813,6
DA:814,6
DA:817,6
DA:818,0
DA:819,0
DA:822,6
DA:823,0
DA:824,0
DA:827,6
DA:828,0
DA:829,0
DA:832,6
DA:833,0
DA:834,0
DA:837,6
DA:838,0
DA:839,0
DA:842,6
DA:843,0
DA:844,0
DA:845,6
DA:846,0
DA:847,0
DA:850,6
DA:851,0
DA:852,0
DA:853,6
DA:854,0
DA:855,0
DA:856,6
DA:857,0
DA:858,0
DA:861,6
DA:862,0
DA:863,0
DA:864,6
DA:865,0
DA:866,0
DA:869,6
DA:870,0
DA:871,0
DA:872,6
DA:873,0
DA:874,0
DA:875,6
DA:876,0
DA:877,0
DA:880,6
DA:881,6
DA:882,6
DA:883,6
DA:884,6
DA:885,6
DA:886,6
DA:888,0
DA:889,6
DA:890,11
LF:696
LH:253
BRDA:19,0,0,11
BRDA:24,1,0,11
BRDA:39,2,0,10
BRDA:42,3,0,4
BRDA:46,4,0,1
BRDA:50,5,0,3
BRDA:117,6,0,3
BRDA:124,7,0,0
BRDA:126,8,0,0
BRDA:128,9,0,2
BRDA:133,10,0,2
BRDA:135,11,0,0
BRDA:149,12,0,0
BRDA:162,13,0,0
BRDA:168,14,0,0
BRDA:174,15,0,0
BRDA:184,16,0,0
BRDA:187,17,0,4
BRDA:189,18,0,0
BRDA:198,19,0,0
BRDA:219,20,0,4
BRDA:220,21,0,0
BRDA:222,22,0,0
BRDA:228,23,0,0
BRDA:233,24,0,0
BRDA:242,25,0,0
BRDA:248,26,0,0
BRDA:257,27,0,0
BRDA:263,28,0,0
BRDA:270,29,0,4
BRDA:272,30,0,2
BRDA:273,31,0,0
BRDA:276,32,0,2
BRDA:277,33,0,2
BRDA:278,34,0,0
BRDA:281,35,0,0
BRDA:283,36,0,0
BRDA:285,37,0,0
BRDA:302,38,0,0
BRDA:362,39,0,3
BRDA:383,40,0,0
BRDA:398,41,0,1
BRDA:398,42,0,1
BRDA:401,43,0,1
BRDA:401,44,0,0
BRDA:405,45,0,1
BRDA:435,46,0,0
BRDA:439,47,0,0
BRDA:446,48,0,3
BRDA:449,49,0,0
BRDA:452,50,0,0
BRDA:533,51,0,3
BRDA:536,52,0,0
BRDA:538,53,0,0
BRDA:743,54,0,3
BRDA:776,55,0,2
BRDA:778,56,0,2
BRDA:781,57,0,4
BRDA:784,58,0,0
BRDA:797,59,0,6
BRDA:801,60,0,0
BRDA:817,61,0,0
BRDA:822,62,0,0
BRDA:827,63,0,0
BRDA:827,64,0,0
BRDA:832,65,0,0
BRDA:837,66,0,0
BRDA:842,67,0,0
BRDA:845,68,0,0
BRDA:850,69,0,0
BRDA:853,70,0,0
BRDA:856,71,0,0
BRDA:861,72,0,0
BRDA:864,73,0,0
BRDA:869,74,0,0
BRDA:872,75,0,0
BRDA:875,76,0,0
BRDA:880,77,0,0
BRDA:886,78,0,0
BRF:79
BRH:27
end_of_record
TN:
SF:src/index.ts
FN:7,generateFromSpec
FNF:1
FNH:1
FNDA:3,generateFromSpec
DA:1,1
DA:4,1
DA:7,3
DA:8,3
DA:9,3
DA:10,2
LF:6
LH:6
BRDA:7,0,0,3
BRDA:9,1,0,2
BRF:2
BRH:2
end_of_record
